mode: atomic
go.aporeto.io/a3s/internal/hasher/hasher.go:17.56,19.2 1 14
go.aporeto.io/a3s/internal/hasher/hasher.go:23.50,27.24 2 14
go.aporeto.io/a3s/internal/hasher/hasher.go:63.2,63.12 1 14
go.aporeto.io/a3s/internal/hasher/hasher.go:29.22,30.28 1 1
go.aporeto.io/a3s/internal/hasher/hasher.go:31.28,32.29 1 1
go.aporeto.io/a3s/internal/hasher/hasher.go:34.23,35.64 1 1
go.aporeto.io/a3s/internal/hasher/hasher.go:36.29,37.66 1 1
go.aporeto.io/a3s/internal/hasher/hasher.go:39.23,40.64 1 1
go.aporeto.io/a3s/internal/hasher/hasher.go:41.29,42.66 1 1
go.aporeto.io/a3s/internal/hasher/hasher.go:44.23,45.64 1 1
go.aporeto.io/a3s/internal/hasher/hasher.go:46.29,47.66 1 1
go.aporeto.io/a3s/internal/hasher/hasher.go:49.23,50.64 1 1
go.aporeto.io/a3s/internal/hasher/hasher.go:51.29,52.66 1 1
go.aporeto.io/a3s/internal/hasher/hasher.go:54.22,55.64 1 1
go.aporeto.io/a3s/internal/hasher/hasher.go:56.28,57.66 1 1
go.aporeto.io/a3s/internal/hasher/hasher.go:59.10,60.36 1 2
go.aporeto.io/a3s/internal/hasher/hasher.go:66.25,68.2 1 28
go.aporeto.io/a3s/internal/issuer/a3sissuer/a3s.go:19.25,28.16 2 0
go.aporeto.io/a3s/internal/issuer/a3sissuer/a3s.go:32.2,32.15 1 0
go.aporeto.io/a3s/internal/issuer/a3sissuer/a3s.go:28.16,30.3 1 0
go.aporeto.io/a3s/internal/issuer/a3sissuer/a3s.go:39.32,41.2 1 9
go.aporeto.io/a3s/internal/issuer/a3sissuer/a3s.go:49.9,52.16 2 7
go.aporeto.io/a3s/internal/issuer/a3sissuer/a3s.go:56.2,56.79 1 6
go.aporeto.io/a3s/internal/issuer/a3sissuer/a3s.go:60.2,60.54 1 5
go.aporeto.io/a3s/internal/issuer/a3sissuer/a3s.go:64.2,64.31 1 4
go.aporeto.io/a3s/internal/issuer/a3sissuer/a3s.go:70.2,70.19 1 3
go.aporeto.io/a3s/internal/issuer/a3sissuer/a3s.go:74.2,75.16 2 3
go.aporeto.io/a3s/internal/issuer/a3sissuer/a3s.go:79.2,79.12 1 3
go.aporeto.io/a3s/internal/issuer/a3sissuer/a3s.go:52.16,54.3 1 1
go.aporeto.io/a3s/internal/issuer/a3sissuer/a3s.go:56.79,58.3 1 1
go.aporeto.io/a3s/internal/issuer/a3sissuer/a3s.go:60.54,62.3 1 1
go.aporeto.io/a3s/internal/issuer/a3sissuer/a3s.go:64.31,65.41 1 6
go.aporeto.io/a3s/internal/issuer/a3sissuer/a3s.go:65.41,67.4 1 1
go.aporeto.io/a3s/internal/issuer/a3sissuer/a3s.go:70.19,72.3 1 0
go.aporeto.io/a3s/internal/issuer/a3sissuer/a3s.go:75.16,77.3 1 0
go.aporeto.io/a3s/internal/issuer/a3sissuer/a3s.go:83.50,86.2 1 1
go.aporeto.io/a3s/internal/issuer/a3sissuer/a3s.go:88.134,90.59 1 9
go.aporeto.io/a3s/internal/issuer/a3sissuer/a3s.go:94.2,94.28 1 8
go.aporeto.io/a3s/internal/issuer/a3sissuer/a3s.go:98.2,101.65 3 4
go.aporeto.io/a3s/internal/issuer/a3sissuer/a3s.go:105.2,105.60 1 3
go.aporeto.io/a3s/internal/issuer/a3sissuer/a3s.go:90.59,92.3 1 1
go.aporeto.io/a3s/internal/issuer/a3sissuer/a3s.go:94.28,96.3 1 4
go.aporeto.io/a3s/internal/issuer/a3sissuer/a3s.go:101.65,103.3 1 1
go.aporeto.io/a3s/internal/issuer/a3sissuer/types.go:11.48,13.2 1 2
go.aporeto.io/a3s/internal/issuer/a3sissuer/types.go:16.48,18.2 1 0
go.aporeto.io/a3s/internal/issuer/a3sissuer/types.go:25.39,27.2 1 6
go.aporeto.io/a3s/internal/issuer/a3sissuer/types.go:30.39,32.2 1 0
go.aporeto.io/a3s/internal/issuer/azureissuer/azure.go:19.73,22.54 2 0
go.aporeto.io/a3s/internal/issuer/azureissuer/azure.go:26.2,26.15 1 0
go.aporeto.io/a3s/internal/issuer/azureissuer/azure.go:22.54,24.3 1 0
go.aporeto.io/a3s/internal/issuer/azureissuer/azure.go:33.36,39.2 1 2
go.aporeto.io/a3s/internal/issuer/azureissuer/azure.go:42.52,45.2 1 1
go.aporeto.io/a3s/internal/issuer/azureissuer/azure.go:47.86,52.16 4 1
go.aporeto.io/a3s/internal/issuer/azureissuer/azure.go:56.2,57.44 2 0
go.aporeto.io/a3s/internal/issuer/azureissuer/azure.go:61.2,63.12 2 0
go.aporeto.io/a3s/internal/issuer/azureissuer/azure.go:52.16,54.3 1 1
go.aporeto.io/a3s/internal/issuer/azureissuer/azure.go:57.44,59.3 1 0
go.aporeto.io/a3s/internal/issuer/azureissuer/azure.go:66.50,70.21 2 1
go.aporeto.io/a3s/internal/issuer/azureissuer/azure.go:74.2,74.23 1 1
go.aporeto.io/a3s/internal/issuer/azureissuer/azure.go:78.2,78.26 1 1
go.aporeto.io/a3s/internal/issuer/azureissuer/azure.go:82.2,82.21 1 1
go.aporeto.io/a3s/internal/issuer/azureissuer/azure.go:86.2,86.21 1 1
go.aporeto.io/a3s/internal/issuer/azureissuer/azure.go:90.2,90.20 1 1
go.aporeto.io/a3s/internal/issuer/azureissuer/azure.go:94.2,94.21 1 1
go.aporeto.io/a3s/internal/issuer/azureissuer/azure.go:98.2,98.21 1 1
go.aporeto.io/a3s/internal/issuer/azureissuer/azure.go:102.2,102.66 1 1
go.aporeto.io/a3s/internal/issuer/azureissuer/azure.go:120.2,120.12 1 1
go.aporeto.io/a3s/internal/issuer/azureissuer/azure.go:70.21,72.3 1 1
go.aporeto.io/a3s/internal/issuer/azureissuer/azure.go:74.23,76.3 1 1
go.aporeto.io/a3s/internal/issuer/azureissuer/azure.go:78.26,80.3 1 1
go.aporeto.io/a3s/internal/issuer/azureissuer/azure.go:82.21,84.3 1 1
go.aporeto.io/a3s/internal/issuer/azureissuer/azure.go:86.21,88.3 1 1
go.aporeto.io/a3s/internal/issuer/azureissuer/azure.go:90.20,92.3 1 1
go.aporeto.io/a3s/internal/issuer/azureissuer/azure.go:94.21,96.3 1 1
go.aporeto.io/a3s/internal/issuer/azureissuer/azure.go:98.21,100.3 1 1
go.aporeto.io/a3s/internal/issuer/azureissuer/azure.go:102.66,104.34 1 1
go.aporeto.io/a3s/internal/issuer/azureissuer/azure.go:108.3,108.35 1 1
go.aporeto.io/a3s/internal/issuer/azureissuer/azure.go:112.3,112.30 1 1
go.aporeto.io/a3s/internal/issuer/azureissuer/azure.go:116.3,117.58 2 1
go.aporeto.io/a3s/internal/issuer/azureissuer/azure.go:104.34,106.4 1 1
go.aporeto.io/a3s/internal/issuer/azureissuer/azure.go:108.35,110.4 1 1
go.aporeto.io/a3s/internal/issuer/azureissuer/azure.go:112.30,114.4 1 1
go.aporeto.io/a3s/internal/issuer/azureissuer/types.go:11.34,13.2 1 2
go.aporeto.io/a3s/internal/issuer/azureissuer/types.go:16.34,18.2 1 1
go.aporeto.io/a3s/internal/issuer/mtlsissuer/mtls.go:15.101,18.53 2 3
go.aporeto.io/a3s/internal/issuer/mtlsissuer/mtls.go:22.2,22.15 1 2
go.aporeto.io/a3s/internal/issuer/mtlsissuer/mtls.go:18.53,20.3 1 1
go.aporeto.io/a3s/internal/issuer/mtlsissuer/mtls.go:30.56,40.2 1 9
go.aporeto.io/a3s/internal/issuer/mtlsissuer/mtls.go:42.89,45.51 2 6
go.aporeto.io/a3s/internal/issuer/mtlsissuer/mtls.go:49.2,57.16 2 5
go.aporeto.io/a3s/internal/issuer/mtlsissuer/mtls.go:61.2,62.31 2 4
go.aporeto.io/a3s/internal/issuer/mtlsissuer/mtls.go:71.2,71.43 1 4
go.aporeto.io/a3s/internal/issuer/mtlsissuer/mtls.go:75.2,75.38 1 4
go.aporeto.io/a3s/internal/issuer/mtlsissuer/mtls.go:79.2,79.46 1 4
go.aporeto.io/a3s/internal/issuer/mtlsissuer/mtls.go:85.2,85.47 1 4
go.aporeto.io/a3s/internal/issuer/mtlsissuer/mtls.go:91.2,91.51 1 4
go.aporeto.io/a3s/internal/issuer/mtlsissuer/mtls.go:97.2,97.57 1 4
go.aporeto.io/a3s/internal/issuer/mtlsissuer/mtls.go:103.2,103.49 1 4
go.aporeto.io/a3s/internal/issuer/mtlsissuer/mtls.go:109.2,109.47 1 4
go.aporeto.io/a3s/internal/issuer/mtlsissuer/mtls.go:115.2,115.52 1 4
go.aporeto.io/a3s/internal/issuer/mtlsissuer/mtls.go:121.2,121.45 1 4
go.aporeto.io/a3s/internal/issuer/mtlsissuer/mtls.go:127.2,127.39 1 4
go.aporeto.io/a3s/internal/issuer/mtlsissuer/mtls.go:133.2,133.27 1 4
go.aporeto.io/a3s/internal/issuer/mtlsissuer/mtls.go:139.2,139.34 1 4
go.aporeto.io/a3s/internal/issuer/mtlsissuer/mtls.go:143.2,143.48 1 4
go.aporeto.io/a3s/internal/issuer/mtlsissuer/mtls.go:155.2,155.12 1 2
go.aporeto.io/a3s/internal/issuer/mtlsissuer/mtls.go:45.51,47.3 1 1
go.aporeto.io/a3s/internal/issuer/mtlsissuer/mtls.go:57.16,59.3 1 1
go.aporeto.io/a3s/internal/issuer/mtlsissuer/mtls.go:62.31,63.30 1 4
go.aporeto.io/a3s/internal/issuer/mtlsissuer/mtls.go:63.30,68.4 1 8
go.aporeto.io/a3s/internal/issuer/mtlsissuer/mtls.go:71.43,73.3 1 4
go.aporeto.io/a3s/internal/issuer/mtlsissuer/mtls.go:75.38,77.3 1 4
go.aporeto.io/a3s/internal/issuer/mtlsissuer/mtls.go:79.46,80.24 1 4
go.aporeto.io/a3s/internal/issuer/mtlsissuer/mtls.go:80.24,82.4 1 8
go.aporeto.io/a3s/internal/issuer/mtlsissuer/mtls.go:85.47,86.24 1 4
go.aporeto.io/a3s/internal/issuer/mtlsissuer/mtls.go:86.24,88.4 1 8
go.aporeto.io/a3s/internal/issuer/mtlsissuer/mtls.go:91.51,92.24 1 4
go.aporeto.io/a3s/internal/issuer/mtlsissuer/mtls.go:92.24,94.4 1 8
go.aporeto.io/a3s/internal/issuer/mtlsissuer/mtls.go:97.57,98.24 1 4
go.aporeto.io/a3s/internal/issuer/mtlsissuer/mtls.go:98.24,100.4 1 8
go.aporeto.io/a3s/internal/issuer/mtlsissuer/mtls.go:103.49,104.24 1 4
go.aporeto.io/a3s/internal/issuer/mtlsissuer/mtls.go:104.24,106.4 1 8
go.aporeto.io/a3s/internal/issuer/mtlsissuer/mtls.go:109.47,110.24 1 4
go.aporeto.io/a3s/internal/issuer/mtlsissuer/mtls.go:110.24,112.4 1 8
go.aporeto.io/a3s/internal/issuer/mtlsissuer/mtls.go:115.52,116.24 1 4
go.aporeto.io/a3s/internal/issuer/mtlsissuer/mtls.go:116.24,118.4 1 8
go.aporeto.io/a3s/internal/issuer/mtlsissuer/mtls.go:121.45,122.24 1 4
go.aporeto.io/a3s/internal/issuer/mtlsissuer/mtls.go:122.24,124.4 1 4
go.aporeto.io/a3s/internal/issuer/mtlsissuer/mtls.go:127.39,128.24 1 4
go.aporeto.io/a3s/internal/issuer/mtlsissuer/mtls.go:128.24,130.4 1 8
go.aporeto.io/a3s/internal/issuer/mtlsissuer/mtls.go:133.27,137.3 2 4
go.aporeto.io/a3s/internal/issuer/mtlsissuer/mtls.go:139.34,141.3 1 4
go.aporeto.io/a3s/internal/issuer/mtlsissuer/mtls.go:143.48,146.17 2 3
go.aporeto.io/a3s/internal/issuer/mtlsissuer/mtls.go:150.3,150.74 1 2
go.aporeto.io/a3s/internal/issuer/mtlsissuer/mtls.go:146.17,148.4 1 1
go.aporeto.io/a3s/internal/issuer/mtlsissuer/mtls.go:150.74,152.4 1 1
go.aporeto.io/a3s/internal/issuer/mtlsissuer/mtls.go:159.51,162.2 1 2
go.aporeto.io/a3s/internal/issuer/oidcissuer/oidc.go:15.108,18.50 2 4
go.aporeto.io/a3s/internal/issuer/oidcissuer/oidc.go:21.2,21.15 1 2
go.aporeto.io/a3s/internal/issuer/oidcissuer/oidc.go:18.50,20.3 1 2
go.aporeto.io/a3s/internal/issuer/oidcissuer/oidc.go:29.56,38.2 1 4
go.aporeto.io/a3s/internal/issuer/oidcissuer/oidc.go:41.51,44.2 1 4
go.aporeto.io/a3s/internal/issuer/oidcissuer/oidc.go:46.97,50.48 2 4
go.aporeto.io/a3s/internal/issuer/oidcissuer/oidc.go:62.2,62.12 1 2
go.aporeto.io/a3s/internal/issuer/oidcissuer/oidc.go:50.48,53.17 2 3
go.aporeto.io/a3s/internal/issuer/oidcissuer/oidc.go:57.3,57.74 1 2
go.aporeto.io/a3s/internal/issuer/oidcissuer/oidc.go:53.17,55.4 1 1
go.aporeto.io/a3s/internal/issuer/oidcissuer/oidc.go:57.74,59.4 1 1
go.aporeto.io/a3s/internal/issuer/oidcissuer/oidc.go:65.63,69.27 2 5
go.aporeto.io/a3s/internal/issuer/oidcissuer/oidc.go:103.2,105.12 2 5
go.aporeto.io/a3s/internal/issuer/oidcissuer/oidc.go:69.27,71.28 2 14
go.aporeto.io/a3s/internal/issuer/oidcissuer/oidc.go:72.15,73.53 1 5
go.aporeto.io/a3s/internal/issuer/oidcissuer/oidc.go:74.17,75.31 1 1
go.aporeto.io/a3s/internal/issuer/oidcissuer/oidc.go:78.12,79.53 1 1
go.aporeto.io/a3s/internal/issuer/oidcissuer/oidc.go:80.14,81.31 1 1
go.aporeto.io/a3s/internal/issuer/oidcissuer/oidc.go:84.16,85.53 1 1
go.aporeto.io/a3s/internal/issuer/oidcissuer/oidc.go:86.18,87.31 1 1
go.aporeto.io/a3s/internal/issuer/oidcissuer/oidc.go:90.13,91.53 1 1
go.aporeto.io/a3s/internal/issuer/oidcissuer/oidc.go:92.22,93.31 1 1
go.aporeto.io/a3s/internal/issuer/oidcissuer/oidc.go:98.11,99.49 1 2
go.aporeto.io/a3s/internal/issuer/oidcissuer/oidc.go:75.31,77.5 1 2
go.aporeto.io/a3s/internal/issuer/oidcissuer/oidc.go:81.31,83.5 1 2
go.aporeto.io/a3s/internal/issuer/oidcissuer/oidc.go:87.31,89.5 1 2
go.aporeto.io/a3s/internal/issuer/oidcissuer/oidc.go:93.31,94.44 1 2
go.aporeto.io/a3s/internal/issuer/oidcissuer/oidc.go:94.44,96.6 1 2
go.aporeto.io/a3s/internal/issuer/oidcissuer/types.go:11.33,13.2 1 0
go.aporeto.io/a3s/internal/issuer/oidcissuer/types.go:16.33,18.2 1 0
go.aporeto.io/a3s/internal/processors/a3ssources.go:16.86,20.2 1 0
go.aporeto.io/a3s/internal/processors/a3ssources.go:23.73,25.2 1 0
go.aporeto.io/a3s/internal/processors/a3ssources.go:28.79,30.2 1 0
go.aporeto.io/a3s/internal/processors/a3ssources.go:33.75,35.2 1 0
go.aporeto.io/a3s/internal/processors/a3ssources.go:38.73,40.2 1 0
go.aporeto.io/a3s/internal/processors/a3ssources.go:43.73,45.2 1 0
go.aporeto.io/a3s/internal/processors/a3ssources.go:48.71,50.2 1 0
go.aporeto.io/a3s/internal/processors/authz.go:23.124,30.2 1 0
go.aporeto.io/a3s/internal/processors/authz.go:33.68,38.16 3 0
go.aporeto.io/a3s/internal/processors/authz.go:47.2,48.29 2 0
go.aporeto.io/a3s/internal/processors/authz.go:52.2,62.16 2 0
go.aporeto.io/a3s/internal/processors/authz.go:66.2,66.8 1 0
go.aporeto.io/a3s/internal/processors/authz.go:72.2,72.12 1 0
go.aporeto.io/a3s/internal/processors/authz.go:38.16,45.3 1 0
go.aporeto.io/a3s/internal/processors/authz.go:48.29,50.3 1 0
go.aporeto.io/a3s/internal/processors/authz.go:62.16,64.3 1 0
go.aporeto.io/a3s/internal/processors/authz.go:66.8,68.3 1 0
go.aporeto.io/a3s/internal/processors/authz.go:68.8,70.3 1 0
go.aporeto.io/a3s/internal/processors/ldapsources.go:16.88,20.2 1 0
go.aporeto.io/a3s/internal/processors/ldapsources.go:23.74,25.2 1 0
go.aporeto.io/a3s/internal/processors/ldapsources.go:28.80,30.2 1 0
go.aporeto.io/a3s/internal/processors/ldapsources.go:33.76,35.2 1 0
go.aporeto.io/a3s/internal/processors/ldapsources.go:38.74,40.2 1 0
go.aporeto.io/a3s/internal/processors/ldapsources.go:43.74,45.2 1 0
go.aporeto.io/a3s/internal/processors/ldapsources.go:48.72,50.2 1 0
go.aporeto.io/a3s/internal/processors/mtlssources.go:21.88,25.2 1 0
go.aporeto.io/a3s/internal/processors/mtlssources.go:28.74,30.95 1 0
go.aporeto.io/a3s/internal/processors/mtlssources.go:30.95,32.4 1 0
go.aporeto.io/a3s/internal/processors/mtlssources.go:37.80,39.2 1 0
go.aporeto.io/a3s/internal/processors/mtlssources.go:42.76,44.2 1 0
go.aporeto.io/a3s/internal/processors/mtlssources.go:47.74,49.95 1 0
go.aporeto.io/a3s/internal/processors/mtlssources.go:49.95,51.4 1 0
go.aporeto.io/a3s/internal/processors/mtlssources.go:56.74,58.2 1 0
go.aporeto.io/a3s/internal/processors/mtlssources.go:61.72,63.2 1 0
go.aporeto.io/a3s/internal/processors/mtlssources.go:65.50,68.16 2 0
go.aporeto.io/a3s/internal/processors/mtlssources.go:72.2,74.29 3 0
go.aporeto.io/a3s/internal/processors/mtlssources.go:79.2,79.12 1 0
go.aporeto.io/a3s/internal/processors/mtlssources.go:68.16,70.3 1 0
go.aporeto.io/a3s/internal/processors/mtlssources.go:74.29,77.3 2 0
go.aporeto.io/a3s/internal/processors/oidcsources.go:16.88,20.2 1 0
go.aporeto.io/a3s/internal/processors/oidcsources.go:23.74,25.2 1 0
go.aporeto.io/a3s/internal/processors/oidcsources.go:28.80,30.2 1 0
go.aporeto.io/a3s/internal/processors/oidcsources.go:33.76,35.2 1 0
go.aporeto.io/a3s/internal/processors/oidcsources.go:38.74,40.2 1 0
go.aporeto.io/a3s/internal/processors/oidcsources.go:43.74,45.2 1 0
go.aporeto.io/a3s/internal/processors/oidcsources.go:48.72,50.2 1 0
go.aporeto.io/a3s/internal/processors/permissions.go:15.85,19.2 1 0
go.aporeto.io/a3s/internal/processors/permissions.go:22.74,42.13 4 0
go.aporeto.io/a3s/internal/processors/permissions.go:49.2,51.12 2 0
go.aporeto.io/a3s/internal/processors/permissions.go:43.11,44.38 1 0
go.aporeto.io/a3s/internal/processors/permissions.go:45.10,46.26 1 0
go.aporeto.io/a3s/internal/processors/permissions.go:54.73,58.33 2 0
go.aporeto.io/a3s/internal/processors/permissions.go:65.2,65.12 1 0
go.aporeto.io/a3s/internal/processors/permissions.go:58.33,60.38 2 0
go.aporeto.io/a3s/internal/processors/permissions.go:60.38,62.4 1 0
go.aporeto.io/a3s/internal/processors/authorizations.go:28.175,35.2 1 0
go.aporeto.io/a3s/internal/processors/authorizations.go:38.77,43.2 1 0
go.aporeto.io/a3s/internal/processors/authorizations.go:46.83,48.2 1 0
go.aporeto.io/a3s/internal/processors/authorizations.go:51.79,53.2 1 0
go.aporeto.io/a3s/internal/processors/authorizations.go:56.77,61.2 1 0
go.aporeto.io/a3s/internal/processors/authorizations.go:64.77,68.2 1 0
go.aporeto.io/a3s/internal/processors/authorizations.go:71.75,73.2 1 0
go.aporeto.io/a3s/internal/processors/authorizations.go:75.67,76.42 1 0
go.aporeto.io/a3s/internal/processors/authorizations.go:76.42,84.3 1 0
go.aporeto.io/a3s/internal/processors/authorizations.go:87.86,89.81 1 0
go.aporeto.io/a3s/internal/processors/authorizations.go:89.81,94.38 3 0
go.aporeto.io/a3s/internal/processors/authorizations.go:98.3,98.36 1 0
go.aporeto.io/a3s/internal/processors/authorizations.go:102.3,106.17 4 0
go.aporeto.io/a3s/internal/processors/authorizations.go:110.3,117.17 2 0
go.aporeto.io/a3s/internal/processors/authorizations.go:121.3,121.63 1 0
go.aporeto.io/a3s/internal/processors/authorizations.go:131.3,131.87 1 0
go.aporeto.io/a3s/internal/processors/authorizations.go:94.38,96.4 1 0
go.aporeto.io/a3s/internal/processors/authorizations.go:98.36,100.4 1 0
go.aporeto.io/a3s/internal/processors/authorizations.go:106.17,108.4 1 0
go.aporeto.io/a3s/internal/processors/authorizations.go:117.17,119.4 1 0
go.aporeto.io/a3s/internal/processors/authorizations.go:121.63,129.4 1 0
go.aporeto.io/a3s/internal/processors/authorizations.go:135.94,137.51 1 0
go.aporeto.io/a3s/internal/processors/authorizations.go:163.2,163.12 1 0
go.aporeto.io/a3s/internal/processors/authorizations.go:137.51,138.42 1 0
go.aporeto.io/a3s/internal/processors/authorizations.go:142.3,142.80 1 0
go.aporeto.io/a3s/internal/processors/authorizations.go:152.3,152.83 1 0
go.aporeto.io/a3s/internal/processors/authorizations.go:138.42,140.4 1 0
go.aporeto.io/a3s/internal/processors/authorizations.go:142.80,150.4 1 0
go.aporeto.io/a3s/internal/processors/authorizations.go:152.83,160.4 1 0
go.aporeto.io/a3s/internal/processors/authorizations.go:166.50,170.28 2 1
go.aporeto.io/a3s/internal/processors/authorizations.go:176.2,178.21 3 1
go.aporeto.io/a3s/internal/processors/authorizations.go:183.2,185.12 2 1
go.aporeto.io/a3s/internal/processors/authorizations.go:170.28,171.26 1 3
go.aporeto.io/a3s/internal/processors/authorizations.go:171.26,173.4 1 5
go.aporeto.io/a3s/internal/processors/authorizations.go:178.21,181.3 2 3
go.aporeto.io/a3s/internal/processors/httpsources.go:16.88,20.2 1 0
go.aporeto.io/a3s/internal/processors/httpsources.go:23.74,25.2 1 0
go.aporeto.io/a3s/internal/processors/httpsources.go:28.80,30.2 1 0
go.aporeto.io/a3s/internal/processors/httpsources.go:33.76,35.2 1 0
go.aporeto.io/a3s/internal/processors/httpsources.go:38.74,40.2 1 0
go.aporeto.io/a3s/internal/processors/httpsources.go:43.74,45.2 1 0
go.aporeto.io/a3s/internal/processors/httpsources.go:48.72,50.2 1 0
go.aporeto.io/a3s/internal/processors/import.go:24.106,29.2 1 0
go.aporeto.io/a3s/internal/processors/import.go:32.69,47.16 5 0
go.aporeto.io/a3s/internal/processors/import.go:51.2,51.29 1 0
go.aporeto.io/a3s/internal/processors/import.go:81.2,81.29 1 0
go.aporeto.io/a3s/internal/processors/import.go:100.2,100.12 1 0
go.aporeto.io/a3s/internal/processors/import.go:47.16,49.3 1 0
go.aporeto.io/a3s/internal/processors/import.go:51.29,53.27 1 0
go.aporeto.io/a3s/internal/processors/import.go:57.3,57.70 1 0
go.aporeto.io/a3s/internal/processors/import.go:53.27,54.12 1 0
go.aporeto.io/a3s/internal/processors/import.go:57.70,67.18 2 0
go.aporeto.io/a3s/internal/processors/import.go:70.4,70.11 1 0
go.aporeto.io/a3s/internal/processors/import.go:67.18,69.5 1 0
go.aporeto.io/a3s/internal/processors/import.go:70.11,77.5 1 0
go.aporeto.io/a3s/internal/processors/import.go:81.29,83.27 1 0
go.aporeto.io/a3s/internal/processors/import.go:87.3,95.17 1 0
go.aporeto.io/a3s/internal/processors/import.go:83.27,84.12 1 0
go.aporeto.io/a3s/internal/processors/import.go:95.17,97.4 1 0
go.aporeto.io/a3s/internal/processors/issue.go:60.19,75.2 1 0
go.aporeto.io/a3s/internal/processors/issue.go:78.74,83.30 3 0
go.aporeto.io/a3s/internal/processors/issue.go:96.2,96.19 1 0
go.aporeto.io/a3s/internal/processors/issue.go:100.2,103.24 3 0
go.aporeto.io/a3s/internal/processors/issue.go:107.2,109.24 2 0
go.aporeto.io/a3s/internal/processors/issue.go:153.2,153.16 1 0
go.aporeto.io/a3s/internal/processors/issue.go:157.2,163.17 2 0
go.aporeto.io/a3s/internal/processors/issue.go:172.2,172.48 1 0
go.aporeto.io/a3s/internal/processors/issue.go:176.2,185.16 3 0
go.aporeto.io/a3s/internal/processors/issue.go:189.2,198.16 9 0
go.aporeto.io/a3s/internal/processors/issue.go:218.2,220.12 2 0
go.aporeto.io/a3s/internal/processors/issue.go:83.30,94.3 1 0
go.aporeto.io/a3s/internal/processors/issue.go:96.19,98.3 1 0
go.aporeto.io/a3s/internal/processors/issue.go:103.24,105.3 1 0
go.aporeto.io/a3s/internal/processors/issue.go:111.31,117.4 1 0
go.aporeto.io/a3s/internal/processors/issue.go:119.31,120.55 1 0
go.aporeto.io/a3s/internal/processors/issue.go:122.31,123.55 1 0
go.aporeto.io/a3s/internal/processors/issue.go:125.30,126.38 1 0
go.aporeto.io/a3s/internal/processors/issue.go:128.32,129.56 1 0
go.aporeto.io/a3s/internal/processors/issue.go:131.30,132.38 1 0
go.aporeto.io/a3s/internal/processors/issue.go:134.36,135.60 1 0
go.aporeto.io/a3s/internal/processors/issue.go:137.31,139.34 2 0
go.aporeto.io/a3s/internal/processors/issue.go:143.30,144.25 1 0
go.aporeto.io/a3s/internal/processors/issue.go:147.3,150.20 2 0
go.aporeto.io/a3s/internal/processors/issue.go:139.34,141.4 1 0
go.aporeto.io/a3s/internal/processors/issue.go:144.25,146.4 1 0
go.aporeto.io/a3s/internal/processors/issue.go:153.16,155.3 1 0
go.aporeto.io/a3s/internal/processors/issue.go:163.17,170.3 1 0
go.aporeto.io/a3s/internal/processors/issue.go:172.48,174.3 1 0
go.aporeto.io/a3s/internal/processors/issue.go:185.16,187.3 1 0
go.aporeto.io/a3s/internal/processors/issue.go:198.16,200.19 2 0
go.aporeto.io/a3s/internal/processors/issue.go:203.3,213.4 1 0
go.aporeto.io/a3s/internal/processors/issue.go:200.19,202.4 1 0
go.aporeto.io/a3s/internal/processors/issue.go:214.8,216.3 1 0
go.aporeto.io/a3s/internal/processors/issue.go:223.157,230.44 2 0
go.aporeto.io/a3s/internal/processors/issue.go:254.2,254.20 1 0
go.aporeto.io/a3s/internal/processors/issue.go:258.2,259.16 2 0
go.aporeto.io/a3s/internal/processors/issue.go:262.2,265.16 3 0
go.aporeto.io/a3s/internal/processors/issue.go:269.2,269.17 1 0
go.aporeto.io/a3s/internal/processors/issue.go:230.44,234.17 2 0
go.aporeto.io/a3s/internal/processors/issue.go:239.3,240.17 2 0
go.aporeto.io/a3s/internal/processors/issue.go:245.3,246.17 2 0
go.aporeto.io/a3s/internal/processors/issue.go:234.17,236.4 1 0
go.aporeto.io/a3s/internal/processors/issue.go:240.17,242.4 1 0
go.aporeto.io/a3s/internal/processors/issue.go:246.17,248.4 1 0
go.aporeto.io/a3s/internal/processors/issue.go:254.20,256.3 1 0
go.aporeto.io/a3s/internal/processors/issue.go:259.16,261.3 1 0
go.aporeto.io/a3s/internal/processors/issue.go:265.16,267.3 1 0
go.aporeto.io/a3s/internal/processors/issue.go:272.101,275.16 2 0
go.aporeto.io/a3s/internal/processors/issue.go:279.2,281.16 3 0
go.aporeto.io/a3s/internal/processors/issue.go:285.2,285.17 1 0
go.aporeto.io/a3s/internal/processors/issue.go:275.16,277.3 1 0
go.aporeto.io/a3s/internal/processors/issue.go:281.16,283.3 1 0
go.aporeto.io/a3s/internal/processors/issue.go:288.101,291.16 2 0
go.aporeto.io/a3s/internal/processors/issue.go:295.2,301.16 3 0
go.aporeto.io/a3s/internal/processors/issue.go:305.2,305.17 1 0
go.aporeto.io/a3s/internal/processors/issue.go:291.16,293.3 1 0
go.aporeto.io/a3s/internal/processors/issue.go:301.16,303.3 1 0
go.aporeto.io/a3s/internal/processors/issue.go:308.79,311.16 2 0
go.aporeto.io/a3s/internal/processors/issue.go:315.2,315.17 1 0
go.aporeto.io/a3s/internal/processors/issue.go:311.16,313.3 1 0
go.aporeto.io/a3s/internal/processors/issue.go:318.102,321.16 2 0
go.aporeto.io/a3s/internal/processors/issue.go:325.2,325.17 1 0
go.aporeto.io/a3s/internal/processors/issue.go:321.16,323.3 1 0
go.aporeto.io/a3s/internal/processors/issue.go:328.79,331.16 2 0
go.aporeto.io/a3s/internal/processors/issue.go:335.2,335.17 1 0
go.aporeto.io/a3s/internal/processors/issue.go:331.16,333.3 1 0
go.aporeto.io/a3s/internal/processors/issue.go:338.124,347.16 2 0
go.aporeto.io/a3s/internal/processors/issue.go:351.2,351.17 1 0
go.aporeto.io/a3s/internal/processors/issue.go:347.16,349.3 1 0
go.aporeto.io/a3s/internal/processors/issue.go:354.106,357.16 2 0
go.aporeto.io/a3s/internal/processors/issue.go:361.2,363.16 3 0
go.aporeto.io/a3s/internal/processors/issue.go:367.2,367.17 1 0
go.aporeto.io/a3s/internal/processors/issue.go:357.16,359.3 1 0
go.aporeto.io/a3s/internal/processors/issue.go:363.16,365.3 1 0
go.aporeto.io/a3s/internal/processors/issue.go:370.102,382.16 4 0
go.aporeto.io/a3s/internal/processors/issue.go:385.2,387.31 2 0
go.aporeto.io/a3s/internal/processors/issue.go:463.2,464.16 2 0
go.aporeto.io/a3s/internal/processors/issue.go:468.2,468.66 1 0
go.aporeto.io/a3s/internal/processors/issue.go:472.2,473.16 2 0
go.aporeto.io/a3s/internal/processors/issue.go:477.2,480.16 3 0
go.aporeto.io/a3s/internal/processors/issue.go:489.2,490.9 2 0
go.aporeto.io/a3s/internal/processors/issue.go:494.2,495.16 2 0
go.aporeto.io/a3s/internal/processors/issue.go:504.2,511.16 3 0
go.aporeto.io/a3s/internal/processors/issue.go:520.2,521.48 2 0
go.aporeto.io/a3s/internal/processors/issue.go:530.2,530.52 1 0
go.aporeto.io/a3s/internal/processors/issue.go:382.16,384.3 1 0
go.aporeto.io/a3s/internal/processors/issue.go:387.31,390.17 2 0
go.aporeto.io/a3s/internal/processors/issue.go:403.3,405.17 3 0
go.aporeto.io/a3s/internal/processors/issue.go:418.3,427.17 3 0
go.aporeto.io/a3s/internal/processors/issue.go:435.3,443.68 2 0
go.aporeto.io/a3s/internal/processors/issue.go:451.3,453.35 2 0
go.aporeto.io/a3s/internal/processors/issue.go:460.3,460.18 1 0
go.aporeto.io/a3s/internal/processors/issue.go:390.17,401.4 1 0
go.aporeto.io/a3s/internal/processors/issue.go:405.17,416.4 1 0
go.aporeto.io/a3s/internal/processors/issue.go:427.17,433.4 1 0
go.aporeto.io/a3s/internal/processors/issue.go:443.68,449.4 1 0
go.aporeto.io/a3s/internal/processors/issue.go:453.35,456.4 2 0
go.aporeto.io/a3s/internal/processors/issue.go:456.9,458.4 1 0
go.aporeto.io/a3s/internal/processors/issue.go:464.16,466.3 1 0
go.aporeto.io/a3s/internal/processors/issue.go:468.66,470.3 1 0
go.aporeto.io/a3s/internal/processors/issue.go:473.16,475.3 1 0
go.aporeto.io/a3s/internal/processors/issue.go:480.16,487.3 1 0
go.aporeto.io/a3s/internal/processors/issue.go:490.9,492.3 1 0
go.aporeto.io/a3s/internal/processors/issue.go:495.16,502.3 1 0
go.aporeto.io/a3s/internal/processors/issue.go:511.16,518.3 1 0
go.aporeto.io/a3s/internal/processors/issue.go:521.48,528.3 1 0
go.aporeto.io/a3s/internal/processors/issue.go:539.35,541.21 1 0
go.aporeto.io/a3s/internal/processors/issue.go:550.2,550.16 1 0
go.aporeto.io/a3s/internal/processors/issue.go:559.2,568.60 3 0
go.aporeto.io/a3s/internal/processors/issue.go:572.2,573.18 2 0
go.aporeto.io/a3s/internal/processors/issue.go:586.2,586.20 1 0
go.aporeto.io/a3s/internal/processors/issue.go:541.21,548.3 1 0
go.aporeto.io/a3s/internal/processors/issue.go:550.16,557.3 1 0
go.aporeto.io/a3s/internal/processors/issue.go:568.60,570.3 1 0
go.aporeto.io/a3s/internal/processors/issue.go:574.9,580.4 1 0
go.aporeto.io/a3s/internal/processors/issue.go:581.9,581.9 0 0
go.aporeto.io/a3s/internal/processors/issue.go:582.10,583.60 1 0
go.aporeto.io/a3s/internal/processors/namespaces.go:23.115,28.2 1 0
go.aporeto.io/a3s/internal/processors/namespaces.go:31.73,35.36 2 0
go.aporeto.io/a3s/internal/processors/namespaces.go:44.2,45.16 2 0
go.aporeto.io/a3s/internal/processors/namespaces.go:49.2,51.111 2 0
go.aporeto.io/a3s/internal/processors/namespaces.go:35.36,42.3 1 0
go.aporeto.io/a3s/internal/processors/namespaces.go:45.16,47.3 1 0
go.aporeto.io/a3s/internal/processors/namespaces.go:55.79,57.2 1 0
go.aporeto.io/a3s/internal/processors/namespaces.go:60.75,62.2 1 0
go.aporeto.io/a3s/internal/processors/namespaces.go:65.73,69.2 1 0
go.aporeto.io/a3s/internal/processors/namespaces.go:72.73,76.2 1 0
go.aporeto.io/a3s/internal/processors/namespaces.go:79.71,81.2 1 0
go.aporeto.io/a3s/internal/processors/namespaces.go:83.85,84.42 1 0
go.aporeto.io/a3s/internal/processors/namespaces.go:84.42,93.3 1 0
go.aporeto.io/a3s/internal/issuer/ldapissuer/ldap.go:17.111,20.67 2 0
go.aporeto.io/a3s/internal/issuer/ldapissuer/ldap.go:24.2,24.15 1 0
go.aporeto.io/a3s/internal/issuer/ldapissuer/ldap.go:20.67,22.3 1 0
go.aporeto.io/a3s/internal/issuer/ldapissuer/ldap.go:32.56,42.2 1 4
go.aporeto.io/a3s/internal/issuer/ldapissuer/ldap.go:44.51,47.2 1 1
go.aporeto.io/a3s/internal/issuer/ldapissuer/ldap.go:49.105,52.16 2 3
go.aporeto.io/a3s/internal/issuer/ldapissuer/ldap.go:56.2,60.48 3 0
go.aporeto.io/a3s/internal/issuer/ldapissuer/ldap.go:72.2,72.12 1 0
go.aporeto.io/a3s/internal/issuer/ldapissuer/ldap.go:52.16,54.3 1 3
go.aporeto.io/a3s/internal/issuer/ldapissuer/ldap.go:60.48,63.17 2 0
go.aporeto.io/a3s/internal/issuer/ldapissuer/ldap.go:67.3,67.74 1 0
go.aporeto.io/a3s/internal/issuer/ldapissuer/ldap.go:63.17,65.4 1 0
go.aporeto.io/a3s/internal/issuer/ldapissuer/ldap.go:67.74,69.4 1 0
go.aporeto.io/a3s/internal/issuer/ldapissuer/ldap.go:75.101,80.33 3 3
go.aporeto.io/a3s/internal/issuer/ldapissuer/ldap.go:90.2,96.68 3 3
go.aporeto.io/a3s/internal/issuer/ldapissuer/ldap.go:108.2,108.74 1 0
go.aporeto.io/a3s/internal/issuer/ldapissuer/ldap.go:114.2,116.73 2 0
go.aporeto.io/a3s/internal/issuer/ldapissuer/ldap.go:120.2,133.16 3 0
go.aporeto.io/a3s/internal/issuer/ldapissuer/ldap.go:137.2,137.26 1 0
go.aporeto.io/a3s/internal/issuer/ldapissuer/ldap.go:141.2,143.53 2 0
go.aporeto.io/a3s/internal/issuer/ldapissuer/ldap.go:147.2,148.16 2 0
go.aporeto.io/a3s/internal/issuer/ldapissuer/ldap.go:152.2,152.23 1 0
go.aporeto.io/a3s/internal/issuer/ldapissuer/ldap.go:80.33,83.3 2 1
go.aporeto.io/a3s/internal/issuer/ldapissuer/ldap.go:83.8,85.17 2 2
go.aporeto.io/a3s/internal/issuer/ldapissuer/ldap.go:85.17,87.4 1 0
go.aporeto.io/a3s/internal/issuer/ldapissuer/ldap.go:96.68,98.17 2 1
go.aporeto.io/a3s/internal/issuer/ldapissuer/ldap.go:98.17,100.4 1 1
go.aporeto.io/a3s/internal/issuer/ldapissuer/ldap.go:101.8,103.17 2 2
go.aporeto.io/a3s/internal/issuer/ldapissuer/ldap.go:103.17,105.4 1 2
go.aporeto.io/a3s/internal/issuer/ldapissuer/ldap.go:108.74,109.49 1 0
go.aporeto.io/a3s/internal/issuer/ldapissuer/ldap.go:109.49,111.4 1 0
go.aporeto.io/a3s/internal/issuer/ldapissuer/ldap.go:116.73,118.3 1 0
go.aporeto.io/a3s/internal/issuer/ldapissuer/ldap.go:133.16,135.3 1 0
go.aporeto.io/a3s/internal/issuer/ldapissuer/ldap.go:137.26,139.3 1 0
go.aporeto.io/a3s/internal/issuer/ldapissuer/ldap.go:143.53,145.3 1 0
go.aporeto.io/a3s/internal/issuer/ldapissuer/ldap.go:148.16,150.3 1 0
go.aporeto.io/a3s/internal/issuer/ldapissuer/ldap.go:155.124,159.30 2 4
go.aporeto.io/a3s/internal/issuer/ldapissuer/ldap.go:172.2,172.40 1 4
go.aporeto.io/a3s/internal/issuer/ldapissuer/ldap.go:199.2,199.15 1 4
go.aporeto.io/a3s/internal/issuer/ldapissuer/ldap.go:159.30,163.41 2 8
go.aporeto.io/a3s/internal/issuer/ldapissuer/ldap.go:167.3,167.41 1 8
go.aporeto.io/a3s/internal/issuer/ldapissuer/ldap.go:163.41,165.4 1 4
go.aporeto.io/a3s/internal/issuer/ldapissuer/ldap.go:167.41,169.4 1 4
go.aporeto.io/a3s/internal/issuer/ldapissuer/ldap.go:172.40,174.90 1 16
go.aporeto.io/a3s/internal/issuer/ldapissuer/ldap.go:178.3,178.51 1 10
go.aporeto.io/a3s/internal/issuer/ldapissuer/ldap.go:182.3,182.19 1 8
go.aporeto.io/a3s/internal/issuer/ldapissuer/ldap.go:188.3,188.28 1 6
go.aporeto.io/a3s/internal/issuer/ldapissuer/ldap.go:192.3,192.33 1 4
go.aporeto.io/a3s/internal/issuer/ldapissuer/ldap.go:174.90,175.12 1 6
go.aporeto.io/a3s/internal/issuer/ldapissuer/ldap.go:178.51,179.12 1 2
go.aporeto.io/a3s/internal/issuer/ldapissuer/ldap.go:182.19,183.53 1 3
go.aporeto.io/a3s/internal/issuer/ldapissuer/ldap.go:183.53,184.13 1 2
go.aporeto.io/a3s/internal/issuer/ldapissuer/ldap.go:188.28,189.12 1 2
go.aporeto.io/a3s/internal/issuer/ldapissuer/ldap.go:192.33,193.15 1 11
go.aporeto.io/a3s/internal/issuer/ldapissuer/ldap.go:193.15,195.5 1 7
go.aporeto.io/a3s/internal/issuer/ldapissuer/ldap.go:202.98,205.39 2 2
go.aporeto.io/a3s/internal/issuer/ldapissuer/ldap.go:209.2,210.38 2 2
go.aporeto.io/a3s/internal/issuer/ldapissuer/ldap.go:214.2,214.17 1 2
go.aporeto.io/a3s/internal/issuer/ldapissuer/ldap.go:205.39,207.3 1 2
go.aporeto.io/a3s/internal/issuer/ldapissuer/ldap.go:210.38,212.3 1 2
go.aporeto.io/a3s/internal/issuer/ldapissuer/types.go:11.33,13.2 1 7
go.aporeto.io/a3s/internal/issuer/ldapissuer/types.go:16.33,18.2 1 1
go.aporeto.io/a3s/internal/issuer/httpissuer/http.go:31.25,34.54 2 9
go.aporeto.io/a3s/internal/issuer/httpissuer/http.go:38.2,38.15 1 2
go.aporeto.io/a3s/internal/issuer/httpissuer/http.go:34.54,36.3 1 7
go.aporeto.io/a3s/internal/issuer/httpissuer/http.go:46.56,55.2 1 10
go.aporeto.io/a3s/internal/issuer/httpissuer/http.go:57.84,63.16 4 9
go.aporeto.io/a3s/internal/issuer/httpissuer/http.go:66.2,67.16 2 7
go.aporeto.io/a3s/internal/issuer/httpissuer/http.go:71.2,81.59 3 7
go.aporeto.io/a3s/internal/issuer/httpissuer/http.go:85.2,86.16 2 7
go.aporeto.io/a3s/internal/issuer/httpissuer/http.go:89.2,92.16 3 7
go.aporeto.io/a3s/internal/issuer/httpissuer/http.go:96.2,96.38 1 6
go.aporeto.io/a3s/internal/issuer/httpissuer/http.go:100.2,101.70 2 5
go.aporeto.io/a3s/internal/issuer/httpissuer/http.go:105.2,107.30 3 4
go.aporeto.io/a3s/internal/issuer/httpissuer/http.go:113.2,115.48 2 4
go.aporeto.io/a3s/internal/issuer/httpissuer/http.go:127.2,127.12 1 2
go.aporeto.io/a3s/internal/issuer/httpissuer/http.go:63.16,65.3 1 2
go.aporeto.io/a3s/internal/issuer/httpissuer/http.go:67.16,69.3 1 0
go.aporeto.io/a3s/internal/issuer/httpissuer/http.go:81.59,83.3 1 0
go.aporeto.io/a3s/internal/issuer/httpissuer/http.go:86.16,88.3 1 0
go.aporeto.io/a3s/internal/issuer/httpissuer/http.go:92.16,94.3 1 1
go.aporeto.io/a3s/internal/issuer/httpissuer/http.go:96.38,98.3 1 1
go.aporeto.io/a3s/internal/issuer/httpissuer/http.go:101.70,103.3 1 1
go.aporeto.io/a3s/internal/issuer/httpissuer/http.go:107.30,108.33 1 4
go.aporeto.io/a3s/internal/issuer/httpissuer/http.go:108.33,111.4 2 4
go.aporeto.io/a3s/internal/issuer/httpissuer/http.go:115.48,118.17 2 3
go.aporeto.io/a3s/internal/issuer/httpissuer/http.go:122.3,122.74 1 2
go.aporeto.io/a3s/internal/issuer/httpissuer/http.go:118.17,120.4 1 1
go.aporeto.io/a3s/internal/issuer/httpissuer/http.go:122.74,124.4 1 1
go.aporeto.io/a3s/internal/issuer/httpissuer/http.go:131.51,134.2 1 5
go.aporeto.io/a3s/internal/issuer/httpissuer/types.go:11.33,13.2 1 7
go.aporeto.io/a3s/internal/issuer/httpissuer/types.go:16.33,18.2 1 0
go.aporeto.io/a3s/internal/issuer/httpissuer/types.go:26.41,28.2 1 5
go.aporeto.io/a3s/internal/issuer/httpissuer/types.go:31.41,33.2 1 0
go.aporeto.io/a3s/pkgs/api/issueaws.go:29.30,34.2 1 0
go.aporeto.io/a3s/pkgs/api/issueaws.go:38.51,40.14 1 0
go.aporeto.io/a3s/pkgs/api/issueaws.go:44.2,46.15 2 0
go.aporeto.io/a3s/pkgs/api/issueaws.go:40.14,42.3 1 0
go.aporeto.io/a3s/pkgs/api/issueaws.go:51.48,53.14 1 0
go.aporeto.io/a3s/pkgs/api/issueaws.go:57.2,58.41 2 0
go.aporeto.io/a3s/pkgs/api/issueaws.go:62.2,62.12 1 0
go.aporeto.io/a3s/pkgs/api/issueaws.go:53.14,55.3 1 0
go.aporeto.io/a3s/pkgs/api/issueaws.go:58.41,60.3 1 0
go.aporeto.io/a3s/pkgs/api/issueaws.go:66.39,69.2 1 0
go.aporeto.io/a3s/pkgs/api/issueaws.go:72.41,74.14 1 0
go.aporeto.io/a3s/pkgs/api/issueaws.go:78.2,81.12 3 0
go.aporeto.io/a3s/pkgs/api/issueaws.go:74.14,76.3 1 0
go.aporeto.io/a3s/pkgs/api/issueaws.go:85.48,88.16 2 0
go.aporeto.io/a3s/pkgs/api/issueaws.go:92.2,92.28 1 0
go.aporeto.io/a3s/pkgs/api/issueaws.go:88.16,89.61 1 0
go.aporeto.io/a3s/pkgs/api/issueaws.go:96.37,101.69 3 0
go.aporeto.io/a3s/pkgs/api/issueaws.go:105.2,105.77 1 0
go.aporeto.io/a3s/pkgs/api/issueaws.go:109.2,109.75 1 0
go.aporeto.io/a3s/pkgs/api/issueaws.go:113.2,113.29 1 0
go.aporeto.io/a3s/pkgs/api/issueaws.go:117.2,117.21 1 0
go.aporeto.io/a3s/pkgs/api/issueaws.go:121.2,121.12 1 0
go.aporeto.io/a3s/pkgs/api/issueaws.go:101.69,103.3 1 0
go.aporeto.io/a3s/pkgs/api/issueaws.go:105.77,107.3 1 0
go.aporeto.io/a3s/pkgs/api/issueaws.go:109.75,111.3 1 0
go.aporeto.io/a3s/pkgs/api/issueaws.go:113.29,115.3 1 0
go.aporeto.io/a3s/pkgs/api/issueaws.go:117.21,119.3 1 0
go.aporeto.io/a3s/pkgs/api/issueaws.go:125.90,127.46 1 0
go.aporeto.io/a3s/pkgs/api/issueaws.go:132.2,132.45 1 0
go.aporeto.io/a3s/pkgs/api/issueaws.go:127.46,129.3 1 0
go.aporeto.io/a3s/pkgs/api/issueaws.go:136.88,139.2 1 0
go.aporeto.io/a3s/pkgs/api/issueaws.go:144.63,146.14 1 0
go.aporeto.io/a3s/pkgs/api/issueaws.go:155.2,155.12 1 0
go.aporeto.io/a3s/pkgs/api/issueaws.go:147.12,148.14 1 0
go.aporeto.io/a3s/pkgs/api/issueaws.go:149.16,150.18 1 0
go.aporeto.io/a3s/pkgs/api/issueaws.go:151.15,152.17 1 0
go.aporeto.io/a3s/pkgs/api/issueazure.go:23.34,28.2 1 0
go.aporeto.io/a3s/pkgs/api/issueazure.go:32.53,34.14 1 0
go.aporeto.io/a3s/pkgs/api/issueazure.go:38.2,40.15 2 0
go.aporeto.io/a3s/pkgs/api/issueazure.go:34.14,36.3 1 0
go.aporeto.io/a3s/pkgs/api/issueazure.go:45.50,47.14 1 0
go.aporeto.io/a3s/pkgs/api/issueazure.go:51.2,52.41 2 0
go.aporeto.io/a3s/pkgs/api/issueazure.go:56.2,56.12 1 0
go.aporeto.io/a3s/pkgs/api/issueazure.go:47.14,49.3 1 0
go.aporeto.io/a3s/pkgs/api/issueazure.go:52.41,54.3 1 0
go.aporeto.io/a3s/pkgs/api/issueazure.go:60.41,63.2 1 0
go.aporeto.io/a3s/pkgs/api/issueazure.go:66.45,68.14 1 0
go.aporeto.io/a3s/pkgs/api/issueazure.go:72.2,75.12 3 0
go.aporeto.io/a3s/pkgs/api/issueazure.go:68.14,70.3 1 0
go.aporeto.io/a3s/pkgs/api/issueazure.go:79.52,82.16 2 0
go.aporeto.io/a3s/pkgs/api/issueazure.go:86.2,86.30 1 0
go.aporeto.io/a3s/pkgs/api/issueazure.go:82.16,83.63 1 0
go.aporeto.io/a3s/pkgs/api/issueazure.go:90.39,95.75 3 0
go.aporeto.io/a3s/pkgs/api/issueazure.go:99.2,99.29 1 0
go.aporeto.io/a3s/pkgs/api/issueazure.go:103.2,103.21 1 0
go.aporeto.io/a3s/pkgs/api/issueazure.go:107.2,107.12 1 0
go.aporeto.io/a3s/pkgs/api/issueazure.go:95.75,97.3 1 0
go.aporeto.io/a3s/pkgs/api/issueazure.go:99.29,101.3 1 0
go.aporeto.io/a3s/pkgs/api/issueazure.go:103.21,105.3 1 0
go.aporeto.io/a3s/pkgs/api/issueazure.go:111.92,113.48 1 0
go.aporeto.io/a3s/pkgs/api/issueazure.go:118.2,118.47 1 0
go.aporeto.io/a3s/pkgs/api/issueazure.go:113.48,115.3 1 0
go.aporeto.io/a3s/pkgs/api/issueazure.go:122.90,125.2 1 0
go.aporeto.io/a3s/pkgs/api/issueazure.go:130.65,132.14 1 0
go.aporeto.io/a3s/pkgs/api/issueazure.go:137.2,137.12 1 0
go.aporeto.io/a3s/pkgs/api/issueazure.go:133.15,134.17 1 0
go.aporeto.io/a3s/pkgs/api/ldapsource.go:40.56,43.2 1 0
go.aporeto.io/a3s/pkgs/api/ldapsource.go:46.57,50.2 2 0
go.aporeto.io/a3s/pkgs/api/ldapsource.go:53.92,56.30 2 0
go.aporeto.io/a3s/pkgs/api/ldapsource.go:60.2,60.12 1 0
go.aporeto.io/a3s/pkgs/api/ldapsource.go:56.30,58.3 1 0
go.aporeto.io/a3s/pkgs/api/ldapsource.go:64.61,67.30 2 0
go.aporeto.io/a3s/pkgs/api/ldapsource.go:71.2,71.12 1 0
go.aporeto.io/a3s/pkgs/api/ldapsource.go:67.30,69.3 1 0
go.aporeto.io/a3s/pkgs/api/ldapsource.go:75.50,78.2 1 0
go.aporeto.io/a3s/pkgs/api/ldapsource.go:82.77,85.30 2 0
go.aporeto.io/a3s/pkgs/api/ldapsource.go:89.2,89.12 1 0
go.aporeto.io/a3s/pkgs/api/ldapsource.go:85.30,87.3 1 0
go.aporeto.io/a3s/pkgs/api/ldapsource.go:93.40,96.2 1 0
go.aporeto.io/a3s/pkgs/api/ldapsource.go:166.34,175.2 1 0
go.aporeto.io/a3s/pkgs/api/ldapsource.go:178.52,181.2 1 0
go.aporeto.io/a3s/pkgs/api/ldapsource.go:184.42,187.2 1 0
go.aporeto.io/a3s/pkgs/api/ldapsource.go:190.47,193.2 1 0
go.aporeto.io/a3s/pkgs/api/ldapsource.go:197.53,199.14 1 0
go.aporeto.io/a3s/pkgs/api/ldapsource.go:203.2,206.16 3 0
go.aporeto.io/a3s/pkgs/api/ldapsource.go:209.2,226.15 17 0
go.aporeto.io/a3s/pkgs/api/ldapsource.go:199.14,201.3 1 0
go.aporeto.io/a3s/pkgs/api/ldapsource.go:206.16,208.3 1 0
go.aporeto.io/a3s/pkgs/api/ldapsource.go:231.50,233.14 1 0
go.aporeto.io/a3s/pkgs/api/ldapsource.go:237.2,238.41 2 0
go.aporeto.io/a3s/pkgs/api/ldapsource.go:242.2,261.12 19 0
go.aporeto.io/a3s/pkgs/api/ldapsource.go:233.14,235.3 1 0
go.aporeto.io/a3s/pkgs/api/ldapsource.go:238.41,240.3 1 0
go.aporeto.io/a3s/pkgs/api/ldapsource.go:265.36,268.2 1 0
go.aporeto.io/a3s/pkgs/api/ldapsource.go:271.41,274.2 1 0
go.aporeto.io/a3s/pkgs/api/ldapsource.go:277.46,280.2 1 0
go.aporeto.io/a3s/pkgs/api/ldapsource.go:283.35,286.2 1 0
go.aporeto.io/a3s/pkgs/api/ldapsource.go:288.38,291.2 1 0
go.aporeto.io/a3s/pkgs/api/ldapsource.go:294.37,297.2 1 0
go.aporeto.io/a3s/pkgs/api/ldapsource.go:300.39,303.2 1 0
go.aporeto.io/a3s/pkgs/api/ldapsource.go:306.45,309.2 1 0
go.aporeto.io/a3s/pkgs/api/ldapsource.go:312.55,315.2 1 0
go.aporeto.io/a3s/pkgs/api/ldapsource.go:318.46,321.2 1 0
go.aporeto.io/a3s/pkgs/api/ldapsource.go:324.57,327.2 1 0
go.aporeto.io/a3s/pkgs/api/ldapsource.go:330.44,333.2 1 0
go.aporeto.io/a3s/pkgs/api/ldapsource.go:336.53,339.2 1 0
go.aporeto.io/a3s/pkgs/api/ldapsource.go:342.37,345.2 1 0
go.aporeto.io/a3s/pkgs/api/ldapsource.go:348.42,351.2 1 0
go.aporeto.io/a3s/pkgs/api/ldapsource.go:354.36,357.2 1 0
go.aporeto.io/a3s/pkgs/api/ldapsource.go:360.40,363.2 1 0
go.aporeto.io/a3s/pkgs/api/ldapsource.go:367.78,369.22 1 0
go.aporeto.io/a3s/pkgs/api/ldapsource.go:393.2,394.27 2 0
go.aporeto.io/a3s/pkgs/api/ldapsource.go:435.2,435.11 1 0
go.aporeto.io/a3s/pkgs/api/ldapsource.go:369.22,391.3 1 0
go.aporeto.io/a3s/pkgs/api/ldapsource.go:394.27,395.12 1 0
go.aporeto.io/a3s/pkgs/api/ldapsource.go:396.13,397.19 1 0
go.aporeto.io/a3s/pkgs/api/ldapsource.go:398.13,399.19 1 0
go.aporeto.io/a3s/pkgs/api/ldapsource.go:400.18,401.29 1 0
go.aporeto.io/a3s/pkgs/api/ldapsource.go:402.17,403.27 1 0
go.aporeto.io/a3s/pkgs/api/ldapsource.go:404.17,405.27 1 0
go.aporeto.io/a3s/pkgs/api/ldapsource.go:406.23,407.39 1 0
go.aporeto.io/a3s/pkgs/api/ldapsource.go:408.27,409.47 1 0
go.aporeto.io/a3s/pkgs/api/ldapsource.go:410.22,411.37 1 0
go.aporeto.io/a3s/pkgs/api/ldapsource.go:412.22,413.37 1 0
go.aporeto.io/a3s/pkgs/api/ldapsource.go:414.21,415.35 1 0
go.aporeto.io/a3s/pkgs/api/ldapsource.go:416.22,417.37 1 0
go.aporeto.io/a3s/pkgs/api/ldapsource.go:418.23,419.39 1 0
go.aporeto.io/a3s/pkgs/api/ldapsource.go:420.19,421.28 1 0
go.aporeto.io/a3s/pkgs/api/ldapsource.go:422.15,423.23 1 0
go.aporeto.io/a3s/pkgs/api/ldapsource.go:424.20,425.33 1 0
go.aporeto.io/a3s/pkgs/api/ldapsource.go:426.27,427.47 1 0
go.aporeto.io/a3s/pkgs/api/ldapsource.go:428.16,429.25 1 0
go.aporeto.io/a3s/pkgs/api/ldapsource.go:430.15,431.23 1 0
go.aporeto.io/a3s/pkgs/api/ldapsource.go:439.92,441.79 1 0
go.aporeto.io/a3s/pkgs/api/ldapsource.go:445.2,445.12 1 0
go.aporeto.io/a3s/pkgs/api/ldapsource.go:441.79,443.3 1 0
go.aporeto.io/a3s/pkgs/api/ldapsource.go:449.92,451.79 1 0
go.aporeto.io/a3s/pkgs/api/ldapsource.go:455.2,455.12 1 0
go.aporeto.io/a3s/pkgs/api/ldapsource.go:451.79,453.3 1 0
go.aporeto.io/a3s/pkgs/api/ldapsource.go:459.65,460.46 1 0
go.aporeto.io/a3s/pkgs/api/ldapsource.go:464.2,465.18 2 0
go.aporeto.io/a3s/pkgs/api/ldapsource.go:468.2,468.18 1 0
go.aporeto.io/a3s/pkgs/api/ldapsource.go:471.2,471.23 1 0
go.aporeto.io/a3s/pkgs/api/ldapsource.go:474.2,474.22 1 0
go.aporeto.io/a3s/pkgs/api/ldapsource.go:477.2,477.22 1 0
go.aporeto.io/a3s/pkgs/api/ldapsource.go:480.2,480.28 1 0
go.aporeto.io/a3s/pkgs/api/ldapsource.go:483.2,483.32 1 0
go.aporeto.io/a3s/pkgs/api/ldapsource.go:486.2,486.27 1 0
go.aporeto.io/a3s/pkgs/api/ldapsource.go:489.2,489.27 1 0
go.aporeto.io/a3s/pkgs/api/ldapsource.go:492.2,492.26 1 0
go.aporeto.io/a3s/pkgs/api/ldapsource.go:495.2,495.27 1 0
go.aporeto.io/a3s/pkgs/api/ldapsource.go:498.2,498.28 1 0
go.aporeto.io/a3s/pkgs/api/ldapsource.go:501.2,501.24 1 0
go.aporeto.io/a3s/pkgs/api/ldapsource.go:504.2,504.20 1 0
go.aporeto.io/a3s/pkgs/api/ldapsource.go:507.2,507.25 1 0
go.aporeto.io/a3s/pkgs/api/ldapsource.go:510.2,510.32 1 0
go.aporeto.io/a3s/pkgs/api/ldapsource.go:513.2,513.21 1 0
go.aporeto.io/a3s/pkgs/api/ldapsource.go:516.2,516.20 1 0
go.aporeto.io/a3s/pkgs/api/ldapsource.go:460.46,461.61 1 0
go.aporeto.io/a3s/pkgs/api/ldapsource.go:465.18,467.3 1 0
go.aporeto.io/a3s/pkgs/api/ldapsource.go:468.18,470.3 1 0
go.aporeto.io/a3s/pkgs/api/ldapsource.go:471.23,473.3 1 0
go.aporeto.io/a3s/pkgs/api/ldapsource.go:474.22,476.3 1 0
go.aporeto.io/a3s/pkgs/api/ldapsource.go:477.22,479.3 1 0
go.aporeto.io/a3s/pkgs/api/ldapsource.go:480.28,482.3 1 0
go.aporeto.io/a3s/pkgs/api/ldapsource.go:483.32,485.3 1 0
go.aporeto.io/a3s/pkgs/api/ldapsource.go:486.27,488.3 1 0
go.aporeto.io/a3s/pkgs/api/ldapsource.go:489.27,491.3 1 0
go.aporeto.io/a3s/pkgs/api/ldapsource.go:492.26,494.3 1 0
go.aporeto.io/a3s/pkgs/api/ldapsource.go:495.27,497.3 1 0
go.aporeto.io/a3s/pkgs/api/ldapsource.go:498.28,500.3 1 0
go.aporeto.io/a3s/pkgs/api/ldapsource.go:501.24,503.3 1 0
go.aporeto.io/a3s/pkgs/api/ldapsource.go:504.20,506.3 1 0
go.aporeto.io/a3s/pkgs/api/ldapsource.go:507.25,509.3 1 0
go.aporeto.io/a3s/pkgs/api/ldapsource.go:510.32,512.3 1 0
go.aporeto.io/a3s/pkgs/api/ldapsource.go:513.21,515.3 1 0
go.aporeto.io/a3s/pkgs/api/ldapsource.go:516.20,518.3 1 0
go.aporeto.io/a3s/pkgs/api/ldapsource.go:522.45,524.14 1 0
go.aporeto.io/a3s/pkgs/api/ldapsource.go:528.2,531.12 3 0
go.aporeto.io/a3s/pkgs/api/ldapsource.go:524.14,526.3 1 0
go.aporeto.io/a3s/pkgs/api/ldapsource.go:535.52,538.16 2 0
go.aporeto.io/a3s/pkgs/api/ldapsource.go:542.2,542.30 1 0
go.aporeto.io/a3s/pkgs/api/ldapsource.go:538.16,539.63 1 0
go.aporeto.io/a3s/pkgs/api/ldapsource.go:546.39,551.79 3 0
go.aporeto.io/a3s/pkgs/api/ldapsource.go:555.2,555.77 1 0
go.aporeto.io/a3s/pkgs/api/ldapsource.go:559.2,559.77 1 0
go.aporeto.io/a3s/pkgs/api/ldapsource.go:563.2,563.23 1 0
go.aporeto.io/a3s/pkgs/api/ldapsource.go:570.2,570.73 1 0
go.aporeto.io/a3s/pkgs/api/ldapsource.go:574.2,574.148 1 0
go.aporeto.io/a3s/pkgs/api/ldapsource.go:578.2,578.29 1 0
go.aporeto.io/a3s/pkgs/api/ldapsource.go:582.2,582.21 1 0
go.aporeto.io/a3s/pkgs/api/ldapsource.go:586.2,586.12 1 0
go.aporeto.io/a3s/pkgs/api/ldapsource.go:551.79,553.3 1 0
go.aporeto.io/a3s/pkgs/api/ldapsource.go:555.77,557.3 1 0
go.aporeto.io/a3s/pkgs/api/ldapsource.go:559.77,561.3 1 0
go.aporeto.io/a3s/pkgs/api/ldapsource.go:563.23,565.47 2 0
go.aporeto.io/a3s/pkgs/api/ldapsource.go:565.47,567.4 1 0
go.aporeto.io/a3s/pkgs/api/ldapsource.go:570.73,572.3 1 0
go.aporeto.io/a3s/pkgs/api/ldapsource.go:574.148,576.3 1 0
go.aporeto.io/a3s/pkgs/api/ldapsource.go:578.29,580.3 1 0
go.aporeto.io/a3s/pkgs/api/ldapsource.go:582.21,584.3 1 0
go.aporeto.io/a3s/pkgs/api/ldapsource.go:590.92,592.48 1 0
go.aporeto.io/a3s/pkgs/api/ldapsource.go:597.2,597.47 1 0
go.aporeto.io/a3s/pkgs/api/ldapsource.go:592.48,594.3 1 0
go.aporeto.io/a3s/pkgs/api/ldapsource.go:601.90,604.2 1 0
go.aporeto.io/a3s/pkgs/api/ldapsource.go:609.65,611.14 1 0
go.aporeto.io/a3s/pkgs/api/ldapsource.go:650.2,650.12 1 0
go.aporeto.io/a3s/pkgs/api/ldapsource.go:612.12,613.14 1 0
go.aporeto.io/a3s/pkgs/api/ldapsource.go:614.12,615.14 1 0
go.aporeto.io/a3s/pkgs/api/ldapsource.go:616.17,617.19 1 0
go.aporeto.io/a3s/pkgs/api/ldapsource.go:618.16,619.18 1 0
go.aporeto.io/a3s/pkgs/api/ldapsource.go:620.16,621.18 1 0
go.aporeto.io/a3s/pkgs/api/ldapsource.go:622.22,623.24 1 0
go.aporeto.io/a3s/pkgs/api/ldapsource.go:624.26,625.28 1 0
go.aporeto.io/a3s/pkgs/api/ldapsource.go:626.21,627.23 1 0
go.aporeto.io/a3s/pkgs/api/ldapsource.go:628.21,629.23 1 0
go.aporeto.io/a3s/pkgs/api/ldapsource.go:630.20,631.22 1 0
go.aporeto.io/a3s/pkgs/api/ldapsource.go:632.21,633.23 1 0
go.aporeto.io/a3s/pkgs/api/ldapsource.go:634.22,635.24 1 0
go.aporeto.io/a3s/pkgs/api/ldapsource.go:636.18,637.20 1 0
go.aporeto.io/a3s/pkgs/api/ldapsource.go:638.14,639.16 1 0
go.aporeto.io/a3s/pkgs/api/ldapsource.go:640.19,641.21 1 0
go.aporeto.io/a3s/pkgs/api/ldapsource.go:642.26,643.28 1 0
go.aporeto.io/a3s/pkgs/api/ldapsource.go:644.15,645.17 1 0
go.aporeto.io/a3s/pkgs/api/ldapsource.go:646.14,647.16 1 0
go.aporeto.io/a3s/pkgs/api/ldapsource.go:1119.62,1122.2 1 0
go.aporeto.io/a3s/pkgs/api/ldapsource.go:1125.63,1129.2 2 0
go.aporeto.io/a3s/pkgs/api/ldapsource.go:1132.98,1135.30 2 0
go.aporeto.io/a3s/pkgs/api/ldapsource.go:1139.2,1139.12 1 0
go.aporeto.io/a3s/pkgs/api/ldapsource.go:1135.30,1137.3 1 0
go.aporeto.io/a3s/pkgs/api/ldapsource.go:1143.67,1146.30 2 0
go.aporeto.io/a3s/pkgs/api/ldapsource.go:1150.2,1150.12 1 0
go.aporeto.io/a3s/pkgs/api/ldapsource.go:1146.30,1148.3 1 0
go.aporeto.io/a3s/pkgs/api/ldapsource.go:1154.56,1157.2 1 0
go.aporeto.io/a3s/pkgs/api/ldapsource.go:1160.70,1163.30 2 0
go.aporeto.io/a3s/pkgs/api/ldapsource.go:1167.2,1167.12 1 0
go.aporeto.io/a3s/pkgs/api/ldapsource.go:1163.30,1165.3 1 0
go.aporeto.io/a3s/pkgs/api/ldapsource.go:1171.46,1174.2 1 0
go.aporeto.io/a3s/pkgs/api/ldapsource.go:1244.46,1246.2 1 0
go.aporeto.io/a3s/pkgs/api/ldapsource.go:1249.58,1252.2 1 0
go.aporeto.io/a3s/pkgs/api/ldapsource.go:1255.48,1257.17 1 0
go.aporeto.io/a3s/pkgs/api/ldapsource.go:1260.2,1260.14 1 0
go.aporeto.io/a3s/pkgs/api/ldapsource.go:1257.17,1259.3 1 0
go.aporeto.io/a3s/pkgs/api/ldapsource.go:1264.53,1266.14 1 0
go.aporeto.io/a3s/pkgs/api/ldapsource.go:1266.14,1268.3 1 0
go.aporeto.io/a3s/pkgs/api/ldapsource.go:1268.8,1270.3 1 0
go.aporeto.io/a3s/pkgs/api/ldapsource.go:1275.59,1277.14 1 0
go.aporeto.io/a3s/pkgs/api/ldapsource.go:1281.2,1283.17 2 0
go.aporeto.io/a3s/pkgs/api/ldapsource.go:1286.2,1286.17 1 0
go.aporeto.io/a3s/pkgs/api/ldapsource.go:1289.2,1289.22 1 0
go.aporeto.io/a3s/pkgs/api/ldapsource.go:1292.2,1292.21 1 0
go.aporeto.io/a3s/pkgs/api/ldapsource.go:1295.2,1295.21 1 0
go.aporeto.io/a3s/pkgs/api/ldapsource.go:1298.2,1298.27 1 0
go.aporeto.io/a3s/pkgs/api/ldapsource.go:1301.2,1301.31 1 0
go.aporeto.io/a3s/pkgs/api/ldapsource.go:1304.2,1304.26 1 0
go.aporeto.io/a3s/pkgs/api/ldapsource.go:1307.2,1307.26 1 0
go.aporeto.io/a3s/pkgs/api/ldapsource.go:1310.2,1310.25 1 0
go.aporeto.io/a3s/pkgs/api/ldapsource.go:1313.2,1313.26 1 0
go.aporeto.io/a3s/pkgs/api/ldapsource.go:1316.2,1316.27 1 0
go.aporeto.io/a3s/pkgs/api/ldapsource.go:1319.2,1319.23 1 0
go.aporeto.io/a3s/pkgs/api/ldapsource.go:1322.2,1322.19 1 0
go.aporeto.io/a3s/pkgs/api/ldapsource.go:1325.2,1325.24 1 0
go.aporeto.io/a3s/pkgs/api/ldapsource.go:1328.2,1328.31 1 0
go.aporeto.io/a3s/pkgs/api/ldapsource.go:1331.2,1331.20 1 0
go.aporeto.io/a3s/pkgs/api/ldapsource.go:1334.2,1334.19 1 0
go.aporeto.io/a3s/pkgs/api/ldapsource.go:1338.2,1338.15 1 0
go.aporeto.io/a3s/pkgs/api/ldapsource.go:1277.14,1279.3 1 0
go.aporeto.io/a3s/pkgs/api/ldapsource.go:1283.17,1285.3 1 0
go.aporeto.io/a3s/pkgs/api/ldapsource.go:1286.17,1288.3 1 0
go.aporeto.io/a3s/pkgs/api/ldapsource.go:1289.22,1291.3 1 0
go.aporeto.io/a3s/pkgs/api/ldapsource.go:1292.21,1294.3 1 0
go.aporeto.io/a3s/pkgs/api/ldapsource.go:1295.21,1297.3 1 0
go.aporeto.io/a3s/pkgs/api/ldapsource.go:1298.27,1300.3 1 0
go.aporeto.io/a3s/pkgs/api/ldapsource.go:1301.31,1303.3 1 0
go.aporeto.io/a3s/pkgs/api/ldapsource.go:1304.26,1306.3 1 0
go.aporeto.io/a3s/pkgs/api/ldapsource.go:1307.26,1309.3 1 0
go.aporeto.io/a3s/pkgs/api/ldapsource.go:1310.25,1312.3 1 0
go.aporeto.io/a3s/pkgs/api/ldapsource.go:1313.26,1315.3 1 0
go.aporeto.io/a3s/pkgs/api/ldapsource.go:1316.27,1318.3 1 0
go.aporeto.io/a3s/pkgs/api/ldapsource.go:1319.23,1321.3 1 0
go.aporeto.io/a3s/pkgs/api/ldapsource.go:1322.19,1324.3 1 0
go.aporeto.io/a3s/pkgs/api/ldapsource.go:1325.24,1327.3 1 0
go.aporeto.io/a3s/pkgs/api/ldapsource.go:1328.31,1330.3 1 0
go.aporeto.io/a3s/pkgs/api/ldapsource.go:1331.20,1333.3 1 0
go.aporeto.io/a3s/pkgs/api/ldapsource.go:1334.19,1336.3 1 0
go.aporeto.io/a3s/pkgs/api/ldapsource.go:1343.56,1345.14 1 0
go.aporeto.io/a3s/pkgs/api/ldapsource.go:1349.2,1350.41 2 0
go.aporeto.io/a3s/pkgs/api/ldapsource.go:1354.2,1354.17 1 0
go.aporeto.io/a3s/pkgs/api/ldapsource.go:1357.2,1359.22 3 0
go.aporeto.io/a3s/pkgs/api/ldapsource.go:1362.2,1362.21 1 0
go.aporeto.io/a3s/pkgs/api/ldapsource.go:1365.2,1365.21 1 0
go.aporeto.io/a3s/pkgs/api/ldapsource.go:1368.2,1368.27 1 0
go.aporeto.io/a3s/pkgs/api/ldapsource.go:1371.2,1371.31 1 0
go.aporeto.io/a3s/pkgs/api/ldapsource.go:1374.2,1374.26 1 0
go.aporeto.io/a3s/pkgs/api/ldapsource.go:1377.2,1377.26 1 0
go.aporeto.io/a3s/pkgs/api/ldapsource.go:1380.2,1380.25 1 0
go.aporeto.io/a3s/pkgs/api/ldapsource.go:1383.2,1383.26 1 0
go.aporeto.io/a3s/pkgs/api/ldapsource.go:1386.2,1386.27 1 0
go.aporeto.io/a3s/pkgs/api/ldapsource.go:1389.2,1389.23 1 0
go.aporeto.io/a3s/pkgs/api/ldapsource.go:1392.2,1392.19 1 0
go.aporeto.io/a3s/pkgs/api/ldapsource.go:1395.2,1395.24 1 0
go.aporeto.io/a3s/pkgs/api/ldapsource.go:1398.2,1398.31 1 0
go.aporeto.io/a3s/pkgs/api/ldapsource.go:1401.2,1401.20 1 0
go.aporeto.io/a3s/pkgs/api/ldapsource.go:1404.2,1404.19 1 0
go.aporeto.io/a3s/pkgs/api/ldapsource.go:1408.2,1408.12 1 0
go.aporeto.io/a3s/pkgs/api/ldapsource.go:1345.14,1347.3 1 0
go.aporeto.io/a3s/pkgs/api/ldapsource.go:1350.41,1352.3 1 0
go.aporeto.io/a3s/pkgs/api/ldapsource.go:1354.17,1356.3 1 0
go.aporeto.io/a3s/pkgs/api/ldapsource.go:1359.22,1361.3 1 0
go.aporeto.io/a3s/pkgs/api/ldapsource.go:1362.21,1364.3 1 0
go.aporeto.io/a3s/pkgs/api/ldapsource.go:1365.21,1367.3 1 0
go.aporeto.io/a3s/pkgs/api/ldapsource.go:1368.27,1370.3 1 0
go.aporeto.io/a3s/pkgs/api/ldapsource.go:1371.31,1373.3 1 0
go.aporeto.io/a3s/pkgs/api/ldapsource.go:1374.26,1376.3 1 0
go.aporeto.io/a3s/pkgs/api/ldapsource.go:1377.26,1379.3 1 0
go.aporeto.io/a3s/pkgs/api/ldapsource.go:1380.25,1382.3 1 0
go.aporeto.io/a3s/pkgs/api/ldapsource.go:1383.26,1385.3 1 0
go.aporeto.io/a3s/pkgs/api/ldapsource.go:1386.27,1388.3 1 0
go.aporeto.io/a3s/pkgs/api/ldapsource.go:1389.23,1391.3 1 0
go.aporeto.io/a3s/pkgs/api/ldapsource.go:1392.19,1394.3 1 0
go.aporeto.io/a3s/pkgs/api/ldapsource.go:1395.24,1397.3 1 0
go.aporeto.io/a3s/pkgs/api/ldapsource.go:1398.31,1400.3 1 0
go.aporeto.io/a3s/pkgs/api/ldapsource.go:1401.20,1403.3 1 0
go.aporeto.io/a3s/pkgs/api/ldapsource.go:1404.19,1406.3 1 0
go.aporeto.io/a3s/pkgs/api/ldapsource.go:1412.42,1415.2 1 0
go.aporeto.io/a3s/pkgs/api/ldapsource.go:1418.66,1421.17 2 0
go.aporeto.io/a3s/pkgs/api/ldapsource.go:1424.2,1424.17 1 0
go.aporeto.io/a3s/pkgs/api/ldapsource.go:1427.2,1427.22 1 0
go.aporeto.io/a3s/pkgs/api/ldapsource.go:1430.2,1430.21 1 0
go.aporeto.io/a3s/pkgs/api/ldapsource.go:1433.2,1433.21 1 0
go.aporeto.io/a3s/pkgs/api/ldapsource.go:1436.2,1436.27 1 0
go.aporeto.io/a3s/pkgs/api/ldapsource.go:1439.2,1439.31 1 0
go.aporeto.io/a3s/pkgs/api/ldapsource.go:1442.2,1442.26 1 0
go.aporeto.io/a3s/pkgs/api/ldapsource.go:1445.2,1445.26 1 0
go.aporeto.io/a3s/pkgs/api/ldapsource.go:1448.2,1448.25 1 0
go.aporeto.io/a3s/pkgs/api/ldapsource.go:1451.2,1451.26 1 0
go.aporeto.io/a3s/pkgs/api/ldapsource.go:1454.2,1454.27 1 0
go.aporeto.io/a3s/pkgs/api/ldapsource.go:1457.2,1457.23 1 0
go.aporeto.io/a3s/pkgs/api/ldapsource.go:1460.2,1460.19 1 0
go.aporeto.io/a3s/pkgs/api/ldapsource.go:1463.2,1463.24 1 0
go.aporeto.io/a3s/pkgs/api/ldapsource.go:1466.2,1466.31 1 0
go.aporeto.io/a3s/pkgs/api/ldapsource.go:1469.2,1469.20 1 0
go.aporeto.io/a3s/pkgs/api/ldapsource.go:1472.2,1472.19 1 0
go.aporeto.io/a3s/pkgs/api/ldapsource.go:1476.2,1476.12 1 0
go.aporeto.io/a3s/pkgs/api/ldapsource.go:1421.17,1423.3 1 0
go.aporeto.io/a3s/pkgs/api/ldapsource.go:1424.17,1426.3 1 0
go.aporeto.io/a3s/pkgs/api/ldapsource.go:1427.22,1429.3 1 0
go.aporeto.io/a3s/pkgs/api/ldapsource.go:1430.21,1432.3 1 0
go.aporeto.io/a3s/pkgs/api/ldapsource.go:1433.21,1435.3 1 0
go.aporeto.io/a3s/pkgs/api/ldapsource.go:1436.27,1438.3 1 0
go.aporeto.io/a3s/pkgs/api/ldapsource.go:1439.31,1441.3 1 0
go.aporeto.io/a3s/pkgs/api/ldapsource.go:1442.26,1444.3 1 0
go.aporeto.io/a3s/pkgs/api/ldapsource.go:1445.26,1447.3 1 0
go.aporeto.io/a3s/pkgs/api/ldapsource.go:1448.25,1450.3 1 0
go.aporeto.io/a3s/pkgs/api/ldapsource.go:1451.26,1453.3 1 0
go.aporeto.io/a3s/pkgs/api/ldapsource.go:1454.27,1456.3 1 0
go.aporeto.io/a3s/pkgs/api/ldapsource.go:1457.23,1459.3 1 0
go.aporeto.io/a3s/pkgs/api/ldapsource.go:1460.19,1462.3 1 0
go.aporeto.io/a3s/pkgs/api/ldapsource.go:1463.24,1465.3 1 0
go.aporeto.io/a3s/pkgs/api/ldapsource.go:1466.31,1468.3 1 0
go.aporeto.io/a3s/pkgs/api/ldapsource.go:1469.20,1471.3 1 0
go.aporeto.io/a3s/pkgs/api/ldapsource.go:1472.19,1474.3 1 0
go.aporeto.io/a3s/pkgs/api/ldapsource.go:1480.98,1482.81 1 0
go.aporeto.io/a3s/pkgs/api/ldapsource.go:1486.2,1486.12 1 0
go.aporeto.io/a3s/pkgs/api/ldapsource.go:1482.81,1484.3 1 0
go.aporeto.io/a3s/pkgs/api/ldapsource.go:1490.98,1492.81 1 0
go.aporeto.io/a3s/pkgs/api/ldapsource.go:1496.2,1496.12 1 0
go.aporeto.io/a3s/pkgs/api/ldapsource.go:1492.81,1494.3 1 0
go.aporeto.io/a3s/pkgs/api/ldapsource.go:1500.49,1502.17 1 0
go.aporeto.io/a3s/pkgs/api/ldapsource.go:1506.2,1506.14 1 0
go.aporeto.io/a3s/pkgs/api/ldapsource.go:1502.17,1504.3 1 0
go.aporeto.io/a3s/pkgs/api/ldapsource.go:1510.45,1513.2 1 0
go.aporeto.io/a3s/pkgs/api/ldapsource.go:1516.57,1518.25 1 0
go.aporeto.io/a3s/pkgs/api/ldapsource.go:1522.2,1522.22 1 0
go.aporeto.io/a3s/pkgs/api/ldapsource.go:1518.25,1520.3 1 0
go.aporeto.io/a3s/pkgs/api/ldapsource.go:1526.61,1529.2 1 0
go.aporeto.io/a3s/pkgs/api/ldapsource.go:1532.58,1534.26 1 0
go.aporeto.io/a3s/pkgs/api/ldapsource.go:1538.2,1538.23 1 0
go.aporeto.io/a3s/pkgs/api/ldapsource.go:1534.26,1536.3 1 0
go.aporeto.io/a3s/pkgs/api/ldapsource.go:1542.63,1545.2 1 0
go.aporeto.io/a3s/pkgs/api/ldapsource.go:1548.56,1550.24 1 0
go.aporeto.io/a3s/pkgs/api/ldapsource.go:1554.2,1554.21 1 0
go.aporeto.io/a3s/pkgs/api/ldapsource.go:1550.24,1552.3 1 0
go.aporeto.io/a3s/pkgs/api/ldapsource.go:1558.59,1561.2 1 0
go.aporeto.io/a3s/pkgs/api/ldapsource.go:1564.49,1566.20 1 0
go.aporeto.io/a3s/pkgs/api/ldapsource.go:1570.2,1570.17 1 0
go.aporeto.io/a3s/pkgs/api/ldapsource.go:1566.20,1568.3 1 0
go.aporeto.io/a3s/pkgs/api/ldapsource.go:1574.48,1577.2 1 0
go.aporeto.io/a3s/pkgs/api/ldapsource.go:1580.48,1582.19 1 0
go.aporeto.io/a3s/pkgs/api/ldapsource.go:1586.2,1586.16 1 0
go.aporeto.io/a3s/pkgs/api/ldapsource.go:1582.19,1584.3 1 0
go.aporeto.io/a3s/pkgs/api/ldapsource.go:1590.46,1593.2 1 0
go.aporeto.io/a3s/pkgs/api/ldapsource.go:1596.57,1598.14 1 0
go.aporeto.io/a3s/pkgs/api/ldapsource.go:1602.2,1605.12 3 0
go.aporeto.io/a3s/pkgs/api/ldapsource.go:1598.14,1600.3 1 0
go.aporeto.io/a3s/pkgs/api/ldapsource.go:1609.64,1612.16 2 0
go.aporeto.io/a3s/pkgs/api/ldapsource.go:1616.2,1616.36 1 0
go.aporeto.io/a3s/pkgs/api/ldapsource.go:1612.16,1613.69 1 0
go.aporeto.io/a3s/pkgs/api/namespace.go:26.55,29.2 1 0
go.aporeto.io/a3s/pkgs/api/namespace.go:32.56,36.2 2 0
go.aporeto.io/a3s/pkgs/api/namespace.go:39.91,42.30 2 0
go.aporeto.io/a3s/pkgs/api/namespace.go:46.2,46.12 1 0
go.aporeto.io/a3s/pkgs/api/namespace.go:42.30,44.3 1 0
go.aporeto.io/a3s/pkgs/api/namespace.go:50.60,53.30 2 0
go.aporeto.io/a3s/pkgs/api/namespace.go:57.2,57.12 1 0
go.aporeto.io/a3s/pkgs/api/namespace.go:53.30,55.3 1 0
go.aporeto.io/a3s/pkgs/api/namespace.go:61.49,64.2 1 0
go.aporeto.io/a3s/pkgs/api/namespace.go:68.76,71.30 2 0
go.aporeto.io/a3s/pkgs/api/namespace.go:75.2,75.12 1 0
go.aporeto.io/a3s/pkgs/api/namespace.go:71.30,73.3 1 0
go.aporeto.io/a3s/pkgs/api/namespace.go:79.39,82.2 1 0
go.aporeto.io/a3s/pkgs/api/namespace.go:109.32,114.2 1 0
go.aporeto.io/a3s/pkgs/api/namespace.go:117.51,120.2 1 0
go.aporeto.io/a3s/pkgs/api/namespace.go:123.41,126.2 1 0
go.aporeto.io/a3s/pkgs/api/namespace.go:129.46,132.2 1 0
go.aporeto.io/a3s/pkgs/api/namespace.go:136.52,138.14 1 0
go.aporeto.io/a3s/pkgs/api/namespace.go:142.2,144.16 2 0
go.aporeto.io/a3s/pkgs/api/namespace.go:147.2,153.15 6 0
go.aporeto.io/a3s/pkgs/api/namespace.go:138.14,140.3 1 0
go.aporeto.io/a3s/pkgs/api/namespace.go:144.16,146.3 1 0
go.aporeto.io/a3s/pkgs/api/namespace.go:158.49,160.14 1 0
go.aporeto.io/a3s/pkgs/api/namespace.go:164.2,165.41 2 0
go.aporeto.io/a3s/pkgs/api/namespace.go:169.2,176.12 7 0
go.aporeto.io/a3s/pkgs/api/namespace.go:160.14,162.3 1 0
go.aporeto.io/a3s/pkgs/api/namespace.go:165.41,167.3 1 0
go.aporeto.io/a3s/pkgs/api/namespace.go:180.35,183.2 1 0
go.aporeto.io/a3s/pkgs/api/namespace.go:186.40,189.2 1 0
go.aporeto.io/a3s/pkgs/api/namespace.go:192.45,195.2 1 0
go.aporeto.io/a3s/pkgs/api/namespace.go:198.34,202.2 1 0
go.aporeto.io/a3s/pkgs/api/namespace.go:204.37,207.2 1 0
go.aporeto.io/a3s/pkgs/api/namespace.go:210.36,213.2 1 0
go.aporeto.io/a3s/pkgs/api/namespace.go:216.38,219.2 1 0
go.aporeto.io/a3s/pkgs/api/namespace.go:222.38,225.2 1 0
go.aporeto.io/a3s/pkgs/api/namespace.go:228.42,231.2 1 0
go.aporeto.io/a3s/pkgs/api/namespace.go:234.43,237.2 1 0
go.aporeto.io/a3s/pkgs/api/namespace.go:240.52,243.2 1 0
go.aporeto.io/a3s/pkgs/api/namespace.go:246.36,249.2 1 0
go.aporeto.io/a3s/pkgs/api/namespace.go:252.41,255.2 1 0
go.aporeto.io/a3s/pkgs/api/namespace.go:258.35,261.2 1 0
go.aporeto.io/a3s/pkgs/api/namespace.go:264.39,267.2 1 0
go.aporeto.io/a3s/pkgs/api/namespace.go:271.77,273.22 1 0
go.aporeto.io/a3s/pkgs/api/namespace.go:285.2,286.27 2 0
go.aporeto.io/a3s/pkgs/api/namespace.go:303.2,303.11 1 0
go.aporeto.io/a3s/pkgs/api/namespace.go:273.22,283.3 1 0
go.aporeto.io/a3s/pkgs/api/namespace.go:286.27,287.12 1 0
go.aporeto.io/a3s/pkgs/api/namespace.go:288.13,289.19 1 0
go.aporeto.io/a3s/pkgs/api/namespace.go:290.22,291.37 1 0
go.aporeto.io/a3s/pkgs/api/namespace.go:292.15,293.23 1 0
go.aporeto.io/a3s/pkgs/api/namespace.go:294.20,295.33 1 0
go.aporeto.io/a3s/pkgs/api/namespace.go:296.16,297.25 1 0
go.aporeto.io/a3s/pkgs/api/namespace.go:298.15,299.23 1 0
go.aporeto.io/a3s/pkgs/api/namespace.go:307.64,308.46 1 0
go.aporeto.io/a3s/pkgs/api/namespace.go:312.2,313.18 2 0
go.aporeto.io/a3s/pkgs/api/namespace.go:316.2,316.27 1 0
go.aporeto.io/a3s/pkgs/api/namespace.go:319.2,319.20 1 0
go.aporeto.io/a3s/pkgs/api/namespace.go:322.2,322.25 1 0
go.aporeto.io/a3s/pkgs/api/namespace.go:325.2,325.21 1 0
go.aporeto.io/a3s/pkgs/api/namespace.go:328.2,328.20 1 0
go.aporeto.io/a3s/pkgs/api/namespace.go:308.46,309.61 1 0
go.aporeto.io/a3s/pkgs/api/namespace.go:313.18,315.3 1 0
go.aporeto.io/a3s/pkgs/api/namespace.go:316.27,318.3 1 0
go.aporeto.io/a3s/pkgs/api/namespace.go:319.20,321.3 1 0
go.aporeto.io/a3s/pkgs/api/namespace.go:322.25,324.3 1 0
go.aporeto.io/a3s/pkgs/api/namespace.go:325.21,327.3 1 0
go.aporeto.io/a3s/pkgs/api/namespace.go:328.20,330.3 1 0
go.aporeto.io/a3s/pkgs/api/namespace.go:334.43,336.14 1 0
go.aporeto.io/a3s/pkgs/api/namespace.go:340.2,343.12 3 0
go.aporeto.io/a3s/pkgs/api/namespace.go:336.14,338.3 1 0
go.aporeto.io/a3s/pkgs/api/namespace.go:347.50,350.16 2 0
go.aporeto.io/a3s/pkgs/api/namespace.go:354.2,354.29 1 0
go.aporeto.io/a3s/pkgs/api/namespace.go:350.16,351.62 1 0
go.aporeto.io/a3s/pkgs/api/namespace.go:358.38,363.73 3 0
go.aporeto.io/a3s/pkgs/api/namespace.go:367.2,367.153 1 0
go.aporeto.io/a3s/pkgs/api/namespace.go:371.2,371.29 1 0
go.aporeto.io/a3s/pkgs/api/namespace.go:375.2,375.21 1 0
go.aporeto.io/a3s/pkgs/api/namespace.go:379.2,379.12 1 0
go.aporeto.io/a3s/pkgs/api/namespace.go:363.73,365.3 1 0
go.aporeto.io/a3s/pkgs/api/namespace.go:367.153,369.3 1 0
go.aporeto.io/a3s/pkgs/api/namespace.go:371.29,373.3 1 0
go.aporeto.io/a3s/pkgs/api/namespace.go:375.21,377.3 1 0
go.aporeto.io/a3s/pkgs/api/namespace.go:383.91,385.47 1 0
go.aporeto.io/a3s/pkgs/api/namespace.go:390.2,390.46 1 0
go.aporeto.io/a3s/pkgs/api/namespace.go:385.47,387.3 1 0
go.aporeto.io/a3s/pkgs/api/namespace.go:394.89,397.2 1 0
go.aporeto.io/a3s/pkgs/api/namespace.go:402.64,404.14 1 0
go.aporeto.io/a3s/pkgs/api/namespace.go:419.2,419.12 1 0
go.aporeto.io/a3s/pkgs/api/namespace.go:405.12,406.14 1 0
go.aporeto.io/a3s/pkgs/api/namespace.go:407.21,408.23 1 0
go.aporeto.io/a3s/pkgs/api/namespace.go:409.14,410.16 1 0
go.aporeto.io/a3s/pkgs/api/namespace.go:411.19,412.21 1 0
go.aporeto.io/a3s/pkgs/api/namespace.go:413.15,414.17 1 0
go.aporeto.io/a3s/pkgs/api/namespace.go:415.14,416.16 1 0
go.aporeto.io/a3s/pkgs/api/namespace.go:602.61,605.2 1 0
go.aporeto.io/a3s/pkgs/api/namespace.go:608.62,612.2 2 0
go.aporeto.io/a3s/pkgs/api/namespace.go:615.97,618.30 2 0
go.aporeto.io/a3s/pkgs/api/namespace.go:622.2,622.12 1 0
go.aporeto.io/a3s/pkgs/api/namespace.go:618.30,620.3 1 0
go.aporeto.io/a3s/pkgs/api/namespace.go:626.66,629.30 2 0
go.aporeto.io/a3s/pkgs/api/namespace.go:633.2,633.12 1 0
go.aporeto.io/a3s/pkgs/api/namespace.go:629.30,631.3 1 0
go.aporeto.io/a3s/pkgs/api/namespace.go:637.55,640.2 1 0
go.aporeto.io/a3s/pkgs/api/namespace.go:643.69,646.30 2 0
go.aporeto.io/a3s/pkgs/api/namespace.go:650.2,650.12 1 0
go.aporeto.io/a3s/pkgs/api/namespace.go:646.30,648.3 1 0
go.aporeto.io/a3s/pkgs/api/namespace.go:654.45,657.2 1 0
go.aporeto.io/a3s/pkgs/api/namespace.go:684.44,686.2 1 0
go.aporeto.io/a3s/pkgs/api/namespace.go:689.57,692.2 1 0
go.aporeto.io/a3s/pkgs/api/namespace.go:695.47,697.17 1 0
go.aporeto.io/a3s/pkgs/api/namespace.go:700.2,700.14 1 0
go.aporeto.io/a3s/pkgs/api/namespace.go:697.17,699.3 1 0
go.aporeto.io/a3s/pkgs/api/namespace.go:704.52,706.14 1 0
go.aporeto.io/a3s/pkgs/api/namespace.go:706.14,708.3 1 0
go.aporeto.io/a3s/pkgs/api/namespace.go:708.8,710.3 1 0
go.aporeto.io/a3s/pkgs/api/namespace.go:715.58,717.14 1 0
go.aporeto.io/a3s/pkgs/api/namespace.go:721.2,723.17 2 0
go.aporeto.io/a3s/pkgs/api/namespace.go:726.2,726.26 1 0
go.aporeto.io/a3s/pkgs/api/namespace.go:729.2,729.19 1 0
go.aporeto.io/a3s/pkgs/api/namespace.go:732.2,732.24 1 0
go.aporeto.io/a3s/pkgs/api/namespace.go:735.2,735.20 1 0
go.aporeto.io/a3s/pkgs/api/namespace.go:738.2,738.19 1 0
go.aporeto.io/a3s/pkgs/api/namespace.go:742.2,742.15 1 0
go.aporeto.io/a3s/pkgs/api/namespace.go:717.14,719.3 1 0
go.aporeto.io/a3s/pkgs/api/namespace.go:723.17,725.3 1 0
go.aporeto.io/a3s/pkgs/api/namespace.go:726.26,728.3 1 0
go.aporeto.io/a3s/pkgs/api/namespace.go:729.19,731.3 1 0
go.aporeto.io/a3s/pkgs/api/namespace.go:732.24,734.3 1 0
go.aporeto.io/a3s/pkgs/api/namespace.go:735.20,737.3 1 0
go.aporeto.io/a3s/pkgs/api/namespace.go:738.19,740.3 1 0
go.aporeto.io/a3s/pkgs/api/namespace.go:747.55,749.14 1 0
go.aporeto.io/a3s/pkgs/api/namespace.go:753.2,754.41 2 0
go.aporeto.io/a3s/pkgs/api/namespace.go:758.2,760.26 3 0
go.aporeto.io/a3s/pkgs/api/namespace.go:763.2,763.19 1 0
go.aporeto.io/a3s/pkgs/api/namespace.go:766.2,766.24 1 0
go.aporeto.io/a3s/pkgs/api/namespace.go:769.2,769.20 1 0
go.aporeto.io/a3s/pkgs/api/namespace.go:772.2,772.19 1 0
go.aporeto.io/a3s/pkgs/api/namespace.go:776.2,776.12 1 0
go.aporeto.io/a3s/pkgs/api/namespace.go:749.14,751.3 1 0
go.aporeto.io/a3s/pkgs/api/namespace.go:754.41,756.3 1 0
go.aporeto.io/a3s/pkgs/api/namespace.go:760.26,762.3 1 0
go.aporeto.io/a3s/pkgs/api/namespace.go:763.19,765.3 1 0
go.aporeto.io/a3s/pkgs/api/namespace.go:766.24,768.3 1 0
go.aporeto.io/a3s/pkgs/api/namespace.go:769.20,771.3 1 0
go.aporeto.io/a3s/pkgs/api/namespace.go:772.19,774.3 1 0
go.aporeto.io/a3s/pkgs/api/namespace.go:780.41,783.2 1 0
go.aporeto.io/a3s/pkgs/api/namespace.go:786.65,789.17 2 0
go.aporeto.io/a3s/pkgs/api/namespace.go:792.2,792.26 1 0
go.aporeto.io/a3s/pkgs/api/namespace.go:795.2,795.19 1 0
go.aporeto.io/a3s/pkgs/api/namespace.go:798.2,798.24 1 0
go.aporeto.io/a3s/pkgs/api/namespace.go:801.2,801.20 1 0
go.aporeto.io/a3s/pkgs/api/namespace.go:804.2,804.19 1 0
go.aporeto.io/a3s/pkgs/api/namespace.go:808.2,808.12 1 0
go.aporeto.io/a3s/pkgs/api/namespace.go:789.17,791.3 1 0
go.aporeto.io/a3s/pkgs/api/namespace.go:792.26,794.3 1 0
go.aporeto.io/a3s/pkgs/api/namespace.go:795.19,797.3 1 0
go.aporeto.io/a3s/pkgs/api/namespace.go:798.24,800.3 1 0
go.aporeto.io/a3s/pkgs/api/namespace.go:801.20,803.3 1 0
go.aporeto.io/a3s/pkgs/api/namespace.go:804.19,806.3 1 0
go.aporeto.io/a3s/pkgs/api/namespace.go:812.48,814.17 1 0
go.aporeto.io/a3s/pkgs/api/namespace.go:818.2,818.14 1 0
go.aporeto.io/a3s/pkgs/api/namespace.go:814.17,816.3 1 0
go.aporeto.io/a3s/pkgs/api/namespace.go:822.44,825.2 1 0
go.aporeto.io/a3s/pkgs/api/namespace.go:828.50,830.19 1 0
go.aporeto.io/a3s/pkgs/api/namespace.go:834.2,834.16 1 0
go.aporeto.io/a3s/pkgs/api/namespace.go:830.19,832.3 1 0
go.aporeto.io/a3s/pkgs/api/namespace.go:838.48,841.2 1 0
go.aporeto.io/a3s/pkgs/api/namespace.go:844.55,846.24 1 0
go.aporeto.io/a3s/pkgs/api/namespace.go:850.2,850.21 1 0
go.aporeto.io/a3s/pkgs/api/namespace.go:846.24,848.3 1 0
go.aporeto.io/a3s/pkgs/api/namespace.go:854.58,857.2 1 0
go.aporeto.io/a3s/pkgs/api/namespace.go:860.48,862.20 1 0
go.aporeto.io/a3s/pkgs/api/namespace.go:866.2,866.17 1 0
go.aporeto.io/a3s/pkgs/api/namespace.go:862.20,864.3 1 0
go.aporeto.io/a3s/pkgs/api/namespace.go:870.47,873.2 1 0
go.aporeto.io/a3s/pkgs/api/namespace.go:876.47,878.19 1 0
go.aporeto.io/a3s/pkgs/api/namespace.go:882.2,882.16 1 0
go.aporeto.io/a3s/pkgs/api/namespace.go:878.19,880.3 1 0
go.aporeto.io/a3s/pkgs/api/namespace.go:886.45,889.2 1 0
go.aporeto.io/a3s/pkgs/api/namespace.go:892.55,894.14 1 0
go.aporeto.io/a3s/pkgs/api/namespace.go:898.2,901.12 3 0
go.aporeto.io/a3s/pkgs/api/namespace.go:894.14,896.3 1 0
go.aporeto.io/a3s/pkgs/api/namespace.go:905.62,908.16 2 0
go.aporeto.io/a3s/pkgs/api/namespace.go:912.2,912.35 1 0
go.aporeto.io/a3s/pkgs/api/namespace.go:908.16,909.68 1 0
go.aporeto.io/a3s/pkgs/api/permissions.go:26.56,29.2 1 0
go.aporeto.io/a3s/pkgs/api/permissions.go:32.57,36.2 2 0
go.aporeto.io/a3s/pkgs/api/permissions.go:39.92,42.30 2 0
go.aporeto.io/a3s/pkgs/api/permissions.go:46.2,46.12 1 0
go.aporeto.io/a3s/pkgs/api/permissions.go:42.30,44.3 1 0
go.aporeto.io/a3s/pkgs/api/permissions.go:50.61,53.30 2 0
go.aporeto.io/a3s/pkgs/api/permissions.go:57.2,57.12 1 0
go.aporeto.io/a3s/pkgs/api/permissions.go:53.30,55.3 1 0
go.aporeto.io/a3s/pkgs/api/permissions.go:61.50,64.2 1 0
go.aporeto.io/a3s/pkgs/api/permissions.go:68.77,71.30 2 0
go.aporeto.io/a3s/pkgs/api/permissions.go:75.2,75.12 1 0
go.aporeto.io/a3s/pkgs/api/permissions.go:71.30,73.3 1 0
go.aporeto.io/a3s/pkgs/api/permissions.go:79.40,82.2 1 0
go.aporeto.io/a3s/pkgs/api/permissions.go:120.36,129.2 1 0
go.aporeto.io/a3s/pkgs/api/permissions.go:132.53,135.2 1 0
go.aporeto.io/a3s/pkgs/api/permissions.go:138.43,141.2 1 0
go.aporeto.io/a3s/pkgs/api/permissions.go:144.49,146.2 0 0
go.aporeto.io/a3s/pkgs/api/permissions.go:150.54,152.14 1 0
go.aporeto.io/a3s/pkgs/api/permissions.go:156.2,158.15 2 0
go.aporeto.io/a3s/pkgs/api/permissions.go:152.14,154.3 1 0
go.aporeto.io/a3s/pkgs/api/permissions.go:163.51,165.14 1 0
go.aporeto.io/a3s/pkgs/api/permissions.go:169.2,170.41 2 0
go.aporeto.io/a3s/pkgs/api/permissions.go:174.2,174.12 1 0
go.aporeto.io/a3s/pkgs/api/permissions.go:165.14,167.3 1 0
go.aporeto.io/a3s/pkgs/api/permissions.go:170.41,172.3 1 0
go.aporeto.io/a3s/pkgs/api/permissions.go:178.37,181.2 1 0
go.aporeto.io/a3s/pkgs/api/permissions.go:184.42,187.2 1 0
go.aporeto.io/a3s/pkgs/api/permissions.go:190.47,193.2 1 0
go.aporeto.io/a3s/pkgs/api/permissions.go:196.36,199.2 1 0
go.aporeto.io/a3s/pkgs/api/permissions.go:201.39,204.2 1 0
go.aporeto.io/a3s/pkgs/api/permissions.go:208.79,210.22 1 0
go.aporeto.io/a3s/pkgs/api/permissions.go:226.2,227.27 2 0
go.aporeto.io/a3s/pkgs/api/permissions.go:252.2,252.11 1 0
go.aporeto.io/a3s/pkgs/api/permissions.go:210.22,224.3 1 0
go.aporeto.io/a3s/pkgs/api/permissions.go:227.27,228.12 1 0
go.aporeto.io/a3s/pkgs/api/permissions.go:229.13,230.19 1 0
go.aporeto.io/a3s/pkgs/api/permissions.go:231.13,232.19 1 0
go.aporeto.io/a3s/pkgs/api/permissions.go:233.17,234.27 1 0
go.aporeto.io/a3s/pkgs/api/permissions.go:235.16,236.25 1 0
go.aporeto.io/a3s/pkgs/api/permissions.go:237.20,238.33 1 0
go.aporeto.io/a3s/pkgs/api/permissions.go:239.41,240.75 1 0
go.aporeto.io/a3s/pkgs/api/permissions.go:241.22,242.37 1 0
go.aporeto.io/a3s/pkgs/api/permissions.go:243.30,244.53 1 0
go.aporeto.io/a3s/pkgs/api/permissions.go:245.29,246.51 1 0
go.aporeto.io/a3s/pkgs/api/permissions.go:247.32,248.57 1 0
go.aporeto.io/a3s/pkgs/api/permissions.go:256.66,257.46 1 0
go.aporeto.io/a3s/pkgs/api/permissions.go:261.2,262.18 2 0
go.aporeto.io/a3s/pkgs/api/permissions.go:265.2,265.18 1 0
go.aporeto.io/a3s/pkgs/api/permissions.go:268.2,268.22 1 0
go.aporeto.io/a3s/pkgs/api/permissions.go:271.2,271.21 1 0
go.aporeto.io/a3s/pkgs/api/permissions.go:274.2,274.25 1 0
go.aporeto.io/a3s/pkgs/api/permissions.go:277.2,277.46 1 0
go.aporeto.io/a3s/pkgs/api/permissions.go:280.2,280.27 1 0
go.aporeto.io/a3s/pkgs/api/permissions.go:283.2,283.35 1 0
go.aporeto.io/a3s/pkgs/api/permissions.go:286.2,286.34 1 0
go.aporeto.io/a3s/pkgs/api/permissions.go:289.2,289.37 1 0
go.aporeto.io/a3s/pkgs/api/permissions.go:257.46,258.61 1 0
go.aporeto.io/a3s/pkgs/api/permissions.go:262.18,264.3 1 0
go.aporeto.io/a3s/pkgs/api/permissions.go:265.18,267.3 1 0
go.aporeto.io/a3s/pkgs/api/permissions.go:268.22,270.3 1 0
go.aporeto.io/a3s/pkgs/api/permissions.go:271.21,273.3 1 0
go.aporeto.io/a3s/pkgs/api/permissions.go:274.25,276.3 1 0
go.aporeto.io/a3s/pkgs/api/permissions.go:277.46,279.3 1 0
go.aporeto.io/a3s/pkgs/api/permissions.go:280.27,282.3 1 0
go.aporeto.io/a3s/pkgs/api/permissions.go:283.35,285.3 1 0
go.aporeto.io/a3s/pkgs/api/permissions.go:286.34,288.3 1 0
go.aporeto.io/a3s/pkgs/api/permissions.go:289.37,291.3 1 0
go.aporeto.io/a3s/pkgs/api/permissions.go:295.47,297.14 1 0
go.aporeto.io/a3s/pkgs/api/permissions.go:301.2,304.12 3 0
go.aporeto.io/a3s/pkgs/api/permissions.go:297.14,299.3 1 0
go.aporeto.io/a3s/pkgs/api/permissions.go:308.54,311.16 2 0
go.aporeto.io/a3s/pkgs/api/permissions.go:315.2,315.31 1 0
go.aporeto.io/a3s/pkgs/api/permissions.go:311.16,312.64 1 0
go.aporeto.io/a3s/pkgs/api/permissions.go:319.40,324.79 3 0
go.aporeto.io/a3s/pkgs/api/permissions.go:328.2,328.83 1 0
go.aporeto.io/a3s/pkgs/api/permissions.go:332.2,332.29 1 0
go.aporeto.io/a3s/pkgs/api/permissions.go:336.2,336.21 1 0
go.aporeto.io/a3s/pkgs/api/permissions.go:340.2,340.12 1 0
go.aporeto.io/a3s/pkgs/api/permissions.go:324.79,326.3 1 0
go.aporeto.io/a3s/pkgs/api/permissions.go:328.83,330.3 1 0
go.aporeto.io/a3s/pkgs/api/permissions.go:332.29,334.3 1 0
go.aporeto.io/a3s/pkgs/api/permissions.go:336.21,338.3 1 0
go.aporeto.io/a3s/pkgs/api/permissions.go:344.93,346.49 1 0
go.aporeto.io/a3s/pkgs/api/permissions.go:351.2,351.48 1 0
go.aporeto.io/a3s/pkgs/api/permissions.go:346.49,348.3 1 0
go.aporeto.io/a3s/pkgs/api/permissions.go:355.91,358.2 1 0
go.aporeto.io/a3s/pkgs/api/permissions.go:363.66,365.14 1 0
go.aporeto.io/a3s/pkgs/api/permissions.go:388.2,388.12 1 0
go.aporeto.io/a3s/pkgs/api/permissions.go:366.12,367.14 1 0
go.aporeto.io/a3s/pkgs/api/permissions.go:368.12,369.14 1 0
go.aporeto.io/a3s/pkgs/api/permissions.go:370.16,371.18 1 0
go.aporeto.io/a3s/pkgs/api/permissions.go:372.15,373.17 1 0
go.aporeto.io/a3s/pkgs/api/permissions.go:374.19,375.21 1 0
go.aporeto.io/a3s/pkgs/api/permissions.go:376.40,377.42 1 0
go.aporeto.io/a3s/pkgs/api/permissions.go:378.21,379.23 1 0
go.aporeto.io/a3s/pkgs/api/permissions.go:380.29,381.31 1 0
go.aporeto.io/a3s/pkgs/api/permissions.go:382.28,383.30 1 0
go.aporeto.io/a3s/pkgs/api/permissions.go:384.31,385.33 1 0
go.aporeto.io/a3s/pkgs/api/permissions.go:583.62,586.2 1 0
go.aporeto.io/a3s/pkgs/api/permissions.go:589.63,593.2 2 0
go.aporeto.io/a3s/pkgs/api/permissions.go:596.98,599.30 2 0
go.aporeto.io/a3s/pkgs/api/permissions.go:603.2,603.12 1 0
go.aporeto.io/a3s/pkgs/api/permissions.go:599.30,601.3 1 0
go.aporeto.io/a3s/pkgs/api/permissions.go:607.67,610.30 2 0
go.aporeto.io/a3s/pkgs/api/permissions.go:614.2,614.12 1 0
go.aporeto.io/a3s/pkgs/api/permissions.go:610.30,612.3 1 0
go.aporeto.io/a3s/pkgs/api/permissions.go:618.56,621.2 1 0
go.aporeto.io/a3s/pkgs/api/permissions.go:624.70,627.30 2 0
go.aporeto.io/a3s/pkgs/api/permissions.go:631.2,631.12 1 0
go.aporeto.io/a3s/pkgs/api/permissions.go:627.30,629.3 1 0
go.aporeto.io/a3s/pkgs/api/permissions.go:635.46,638.2 1 0
go.aporeto.io/a3s/pkgs/api/permissions.go:676.48,678.2 1 0
go.aporeto.io/a3s/pkgs/api/permissions.go:681.59,684.2 1 0
go.aporeto.io/a3s/pkgs/api/permissions.go:687.49,690.2 1 0
go.aporeto.io/a3s/pkgs/api/permissions.go:693.55,695.2 0 0
go.aporeto.io/a3s/pkgs/api/permissions.go:699.60,701.14 1 0
go.aporeto.io/a3s/pkgs/api/permissions.go:705.2,707.15 2 0
go.aporeto.io/a3s/pkgs/api/permissions.go:701.14,703.3 1 0
go.aporeto.io/a3s/pkgs/api/permissions.go:712.57,714.14 1 0
go.aporeto.io/a3s/pkgs/api/permissions.go:718.2,719.41 2 0
go.aporeto.io/a3s/pkgs/api/permissions.go:723.2,723.12 1 0
go.aporeto.io/a3s/pkgs/api/permissions.go:714.14,716.3 1 0
go.aporeto.io/a3s/pkgs/api/permissions.go:719.41,721.3 1 0
go.aporeto.io/a3s/pkgs/api/permissions.go:727.43,730.2 1 0
go.aporeto.io/a3s/pkgs/api/permissions.go:733.67,736.17 2 0
go.aporeto.io/a3s/pkgs/api/permissions.go:739.2,739.17 1 0
go.aporeto.io/a3s/pkgs/api/permissions.go:742.2,742.21 1 0
go.aporeto.io/a3s/pkgs/api/permissions.go:745.2,745.20 1 0
go.aporeto.io/a3s/pkgs/api/permissions.go:748.2,748.24 1 0
go.aporeto.io/a3s/pkgs/api/permissions.go:751.2,751.45 1 0
go.aporeto.io/a3s/pkgs/api/permissions.go:754.2,754.26 1 0
go.aporeto.io/a3s/pkgs/api/permissions.go:757.2,757.34 1 0
go.aporeto.io/a3s/pkgs/api/permissions.go:760.2,760.33 1 0
go.aporeto.io/a3s/pkgs/api/permissions.go:763.2,763.36 1 0
go.aporeto.io/a3s/pkgs/api/permissions.go:767.2,767.12 1 0
go.aporeto.io/a3s/pkgs/api/permissions.go:736.17,738.3 1 0
go.aporeto.io/a3s/pkgs/api/permissions.go:739.17,741.3 1 0
go.aporeto.io/a3s/pkgs/api/permissions.go:742.21,744.3 1 0
go.aporeto.io/a3s/pkgs/api/permissions.go:745.20,747.3 1 0
go.aporeto.io/a3s/pkgs/api/permissions.go:748.24,750.3 1 0
go.aporeto.io/a3s/pkgs/api/permissions.go:751.45,753.3 1 0
go.aporeto.io/a3s/pkgs/api/permissions.go:754.26,756.3 1 0
go.aporeto.io/a3s/pkgs/api/permissions.go:757.34,759.3 1 0
go.aporeto.io/a3s/pkgs/api/permissions.go:760.33,762.3 1 0
go.aporeto.io/a3s/pkgs/api/permissions.go:763.36,765.3 1 0
go.aporeto.io/a3s/pkgs/api/permissions.go:771.59,773.14 1 0
go.aporeto.io/a3s/pkgs/api/permissions.go:777.2,780.12 3 0
go.aporeto.io/a3s/pkgs/api/permissions.go:773.14,775.3 1 0
go.aporeto.io/a3s/pkgs/api/permissions.go:784.66,787.16 2 0
go.aporeto.io/a3s/pkgs/api/permissions.go:791.2,791.37 1 0
go.aporeto.io/a3s/pkgs/api/permissions.go:787.16,788.70 1 0
go.aporeto.io/a3s/pkgs/api/httpsource.go:26.56,29.2 1 0
go.aporeto.io/a3s/pkgs/api/httpsource.go:32.57,36.2 2 0
go.aporeto.io/a3s/pkgs/api/httpsource.go:39.92,42.30 2 0
go.aporeto.io/a3s/pkgs/api/httpsource.go:46.2,46.12 1 0
go.aporeto.io/a3s/pkgs/api/httpsource.go:42.30,44.3 1 0
go.aporeto.io/a3s/pkgs/api/httpsource.go:50.61,53.30 2 0
go.aporeto.io/a3s/pkgs/api/httpsource.go:57.2,57.12 1 0
go.aporeto.io/a3s/pkgs/api/httpsource.go:53.30,55.3 1 0
go.aporeto.io/a3s/pkgs/api/httpsource.go:61.50,64.2 1 0
go.aporeto.io/a3s/pkgs/api/httpsource.go:68.77,71.30 2 0
go.aporeto.io/a3s/pkgs/api/httpsource.go:75.2,75.12 1 0
go.aporeto.io/a3s/pkgs/api/httpsource.go:71.30,73.3 1 0
go.aporeto.io/a3s/pkgs/api/httpsource.go:79.40,82.2 1 0
go.aporeto.io/a3s/pkgs/api/httpsource.go:135.34,140.2 1 0
go.aporeto.io/a3s/pkgs/api/httpsource.go:143.52,146.2 1 0
go.aporeto.io/a3s/pkgs/api/httpsource.go:149.42,152.2 1 0
go.aporeto.io/a3s/pkgs/api/httpsource.go:155.47,158.2 1 0
go.aporeto.io/a3s/pkgs/api/httpsource.go:162.53,164.14 1 0
go.aporeto.io/a3s/pkgs/api/httpsource.go:168.2,171.16 3 0
go.aporeto.io/a3s/pkgs/api/httpsource.go:174.2,186.15 12 0
go.aporeto.io/a3s/pkgs/api/httpsource.go:164.14,166.3 1 0
go.aporeto.io/a3s/pkgs/api/httpsource.go:171.16,173.3 1 0
go.aporeto.io/a3s/pkgs/api/httpsource.go:191.50,193.14 1 0
go.aporeto.io/a3s/pkgs/api/httpsource.go:197.2,198.41 2 0
go.aporeto.io/a3s/pkgs/api/httpsource.go:202.2,216.12 14 0
go.aporeto.io/a3s/pkgs/api/httpsource.go:193.14,195.3 1 0
go.aporeto.io/a3s/pkgs/api/httpsource.go:198.41,200.3 1 0
go.aporeto.io/a3s/pkgs/api/httpsource.go:220.36,223.2 1 0
go.aporeto.io/a3s/pkgs/api/httpsource.go:226.41,229.2 1 0
go.aporeto.io/a3s/pkgs/api/httpsource.go:232.46,235.2 1 0
go.aporeto.io/a3s/pkgs/api/httpsource.go:238.35,241.2 1 0
go.aporeto.io/a3s/pkgs/api/httpsource.go:243.38,246.2 1 0
go.aporeto.io/a3s/pkgs/api/httpsource.go:249.37,252.2 1 0
go.aporeto.io/a3s/pkgs/api/httpsource.go:255.39,258.2 1 0
go.aporeto.io/a3s/pkgs/api/httpsource.go:261.45,264.2 1 0
go.aporeto.io/a3s/pkgs/api/httpsource.go:267.55,270.2 1 0
go.aporeto.io/a3s/pkgs/api/httpsource.go:273.46,276.2 1 0
go.aporeto.io/a3s/pkgs/api/httpsource.go:279.57,282.2 1 0
go.aporeto.io/a3s/pkgs/api/httpsource.go:285.44,288.2 1 0
go.aporeto.io/a3s/pkgs/api/httpsource.go:291.53,294.2 1 0
go.aporeto.io/a3s/pkgs/api/httpsource.go:297.37,300.2 1 0
go.aporeto.io/a3s/pkgs/api/httpsource.go:303.42,306.2 1 0
go.aporeto.io/a3s/pkgs/api/httpsource.go:309.36,312.2 1 0
go.aporeto.io/a3s/pkgs/api/httpsource.go:315.40,318.2 1 0
go.aporeto.io/a3s/pkgs/api/httpsource.go:322.78,324.22 1 0
go.aporeto.io/a3s/pkgs/api/httpsource.go:343.2,344.27 2 0
go.aporeto.io/a3s/pkgs/api/httpsource.go:375.2,375.11 1 0
go.aporeto.io/a3s/pkgs/api/httpsource.go:324.22,341.3 1 0
go.aporeto.io/a3s/pkgs/api/httpsource.go:344.27,345.12 1 0
go.aporeto.io/a3s/pkgs/api/httpsource.go:346.13,347.19 1 0
go.aporeto.io/a3s/pkgs/api/httpsource.go:348.13,349.19 1 0
go.aporeto.io/a3s/pkgs/api/httpsource.go:350.14,351.21 1 0
[...]
go.aporeto.io/a3s/pkgs/permissions/retriever.go:214.2,220.15 2 29
go.aporeto.io/a3s/pkgs/permissions/retriever.go:205.29,206.19 1 31
go.aporeto.io/a3s/pkgs/permissions/retriever.go:206.19,208.42 2 31
go.aporeto.io/a3s/pkgs/permissions/retriever.go:208.42,210.5 1 2
go.aporeto.io/a3s/pkgs/permissions/retriever.go:224.81,238.16 4 32
go.aporeto.io/a3s/pkgs/permissions/retriever.go:242.2,242.16 1 31
go.aporeto.io/a3s/pkgs/permissions/retriever.go:256.2,256.19 1 31
go.aporeto.io/a3s/pkgs/permissions/retriever.go:238.16,240.3 1 1
go.aporeto.io/a3s/pkgs/permissions/retriever.go:242.16,254.3 1 2
go.aporeto.io/a3s/pkgs/permissions/retriever.go:259.55,263.34 2 27
go.aporeto.io/a3s/pkgs/permissions/retriever.go:269.2,269.14 1 1
go.aporeto.io/a3s/pkgs/permissions/retriever.go:263.34,264.75 1 27
go.aporeto.io/a3s/pkgs/permissions/retriever.go:264.75,266.4 1 26
go.aporeto.io/a3s/pkgs/permissions/retriever.go:272.65,274.23 2 54
go.aporeto.io/a3s/pkgs/permissions/retriever.go:278.2,278.12 1 54
go.aporeto.io/a3s/pkgs/permissions/retriever.go:274.23,276.3 1 53
go.aporeto.io/a3s/pkgs/permissions/retriever_mock.go:27.39,31.2 1 2
go.aporeto.io/a3s/pkgs/permissions/retriever_mock.go:34.144,40.2 3 1
go.aporeto.io/a3s/pkgs/permissions/retriever_mock.go:42.134,47.87 3 2
go.aporeto.io/a3s/pkgs/permissions/retriever_mock.go:51.2,51.29 1 1
go.aporeto.io/a3s/pkgs/permissions/retriever_mock.go:47.87,49.3 1 1
go.aporeto.io/a3s/pkgs/permissions/retriever_mock.go:54.67,58.18 2 3
go.aporeto.io/a3s/pkgs/permissions/retriever_mock.go:63.2,64.14 2 3
go.aporeto.io/a3s/pkgs/permissions/retriever_mock.go:58.18,61.3 2 2
go.aporeto.io/a3s/pkgs/permissions/retriever_options.go:14.51,15.25 1 6
go.aporeto.io/a3s/pkgs/permissions/retriever_options.go:15.25,17.3 1 6
go.aporeto.io/a3s/pkgs/permissions/retriever_options.go:21.57,22.25 1 9
go.aporeto.io/a3s/pkgs/permissions/retriever_options.go:22.25,24.3 1 9
go.aporeto.io/a3s/pkgs/permissions/retriever_options.go:28.66,29.25 1 12
go.aporeto.io/a3s/pkgs/permissions/retriever_options.go:29.25,31.3 1 12
go.aporeto.io/a3s/pkgs/permissions/retriever_options.go:36.73,37.25 1 2
go.aporeto.io/a3s/pkgs/permissions/retriever_options.go:37.25,39.3 1 2
go.aporeto.io/a3s/pkgs/permissions/retriever_remote.go:19.71,23.2 1 4
go.aporeto.io/a3s/pkgs/permissions/retriever_remote.go:26.111,31.2 1 2
go.aporeto.io/a3s/pkgs/permissions/retriever_remote.go:33.136,36.25 2 3
go.aporeto.io/a3s/pkgs/permissions/retriever_remote.go:40.2,50.79 10 3
go.aporeto.io/a3s/pkgs/permissions/retriever_remote.go:54.2,55.45 2 2
go.aporeto.io/a3s/pkgs/permissions/retriever_remote.go:60.2,60.26 1 2
go.aporeto.io/a3s/pkgs/permissions/retriever_remote.go:76.2,76.17 1 2
go.aporeto.io/a3s/pkgs/permissions/retriever_remote.go:36.25,38.3 1 7
go.aporeto.io/a3s/pkgs/permissions/retriever_remote.go:50.79,52.3 1 1
go.aporeto.io/a3s/pkgs/permissions/retriever_remote.go:55.45,57.3 1 3
go.aporeto.io/a3s/pkgs/permissions/retriever_remote.go:60.26,64.44 2 1
go.aporeto.io/a3s/pkgs/permissions/retriever_remote.go:64.44,73.4 1 1
go.aporeto.io/a3s/pkgs/authorizer/pubsub.go:30.58,30.72 1 1
go.aporeto.io/a3s/pkgs/authorizer/pubsub.go:31.58,31.72 1 1
go.aporeto.io/a3s/pkgs/authorizer/pubsub.go:32.92,34.2 1 1
go.aporeto.io/a3s/pkgs/authorizer/pubsub.go:36.145,38.29 1 5
go.aporeto.io/a3s/pkgs/authorizer/pubsub.go:45.2,45.44 1 5
go.aporeto.io/a3s/pkgs/authorizer/pubsub.go:52.2,52.12 1 5
go.aporeto.io/a3s/pkgs/authorizer/pubsub.go:102.2,102.16 1 5
go.aporeto.io/a3s/pkgs/authorizer/pubsub.go:38.29,39.10 1 2
go.aporeto.io/a3s/pkgs/authorizer/pubsub.go:40.22,40.22 0 2
go.aporeto.io/a3s/pkgs/authorizer/pubsub.go:41.11,41.11 0 0
go.aporeto.io/a3s/pkgs/authorizer/pubsub.go:45.44,46.10 1 2
go.aporeto.io/a3s/pkgs/authorizer/pubsub.go:47.20,47.20 0 2
go.aporeto.io/a3s/pkgs/authorizer/pubsub.go:48.11,48.11 0 0
go.aporeto.io/a3s/pkgs/authorizer/pubsub.go:52.12,54.7 1 5
go.aporeto.io/a3s/pkgs/authorizer/pubsub.go:54.7,55.11 1 9
go.aporeto.io/a3s/pkgs/authorizer/pubsub.go:57.40,61.41 2 3
go.aporeto.io/a3s/pkgs/authorizer/pubsub.go:68.5,74.25 2 2
go.aporeto.io/a3s/pkgs/authorizer/pubsub.go:82.5,83.41 2 2
go.aporeto.io/a3s/pkgs/authorizer/pubsub.go:88.5,88.15 1 2
go.aporeto.io/a3s/pkgs/authorizer/pubsub.go:90.39,91.60 1 4
go.aporeto.io/a3s/pkgs/authorizer/pubsub.go:95.40,96.17 1 1
go.aporeto.io/a3s/pkgs/authorizer/pubsub.go:61.41,63.11 2 1
go.aporeto.io/a3s/pkgs/authorizer/pubsub.go:75.37,76.23 1 1
go.aporeto.io/a3s/pkgs/authorizer/pubsub.go:77.41,78.28 1 1
go.aporeto.io/a3s/pkgs/authorizer/pubsub.go:83.41,85.11 2 0
go.aporeto.io/a3s/pkgs/authorizer/pubsub.go:91.60,93.6 1 4
go.aporeto.io/a3s/pkgs/authorizer/pubsub.go:102.16,102.90 1 5
go.aporeto.io/a3s/pkgs/authorizer/remote.go:20.118,42.2 6 0
go.aporeto.io/a3s/pkgs/authorizer/authorizer.go:68.123,71.30 2 16
go.aporeto.io/a3s/pkgs/authorizer/authorizer.go:75.2,76.41 2 16
go.aporeto.io/a3s/pkgs/authorizer/authorizer.go:80.2,81.19 2 16
go.aporeto.io/a3s/pkgs/authorizer/authorizer.go:85.2,90.3 1 16
go.aporeto.io/a3s/pkgs/authorizer/authorizer.go:71.30,73.3 1 17
go.aporeto.io/a3s/pkgs/authorizer/authorizer.go:76.41,78.3 1 32
go.aporeto.io/a3s/pkgs/authorizer/authorizer.go:81.19,83.3 1 16
go.aporeto.io/a3s/pkgs/authorizer/authorizer.go:94.84,98.60 2 7
go.aporeto.io/a3s/pkgs/authorizer/authorizer.go:102.2,103.17 2 6
go.aporeto.io/a3s/pkgs/authorizer/authorizer.go:107.2,108.16 2 5
go.aporeto.io/a3s/pkgs/authorizer/authorizer.go:117.2,118.35 2 4
go.aporeto.io/a3s/pkgs/authorizer/authorizer.go:122.2,132.16 2 4
go.aporeto.io/a3s/pkgs/authorizer/authorizer.go:136.2,136.8 1 3
go.aporeto.io/a3s/pkgs/authorizer/authorizer.go:140.2,140.34 1 1
go.aporeto.io/a3s/pkgs/authorizer/authorizer.go:98.60,100.3 1 1
go.aporeto.io/a3s/pkgs/authorizer/authorizer.go:103.17,105.3 1 1
go.aporeto.io/a3s/pkgs/authorizer/authorizer.go:108.16,115.3 1 1
go.aporeto.io/a3s/pkgs/authorizer/authorizer.go:118.35,120.3 1 1
go.aporeto.io/a3s/pkgs/authorizer/authorizer.go:132.16,134.3 1 1
go.aporeto.io/a3s/pkgs/authorizer/authorizer.go:136.8,138.3 1 2
go.aporeto.io/a3s/pkgs/authorizer/authorizer.go:143.160,146.25 2 13
go.aporeto.io/a3s/pkgs/authorizer/authorizer.go:150.2,150.47 1 13
go.aporeto.io/a3s/pkgs/authorizer/authorizer.go:154.2,154.14 1 12
go.aporeto.io/a3s/pkgs/authorizer/authorizer.go:158.2,158.18 1 11
go.aporeto.io/a3s/pkgs/authorizer/authorizer.go:162.2,164.57 2 10
go.aporeto.io/a3s/pkgs/authorizer/authorizer.go:169.2,176.16 3 9
go.aporeto.io/a3s/pkgs/authorizer/authorizer.go:180.2,187.47 2 7
go.aporeto.io/a3s/pkgs/authorizer/authorizer.go:146.25,148.3 1 15
go.aporeto.io/a3s/pkgs/authorizer/authorizer.go:150.47,152.3 1 1
go.aporeto.io/a3s/pkgs/authorizer/authorizer.go:154.14,156.3 1 1
go.aporeto.io/a3s/pkgs/authorizer/authorizer.go:158.18,160.3 1 1
go.aporeto.io/a3s/pkgs/authorizer/authorizer.go:164.57,167.3 2 1
go.aporeto.io/a3s/pkgs/authorizer/authorizer.go:176.16,178.3 1 2
go.aporeto.io/a3s/pkgs/authorizer/authorizer.go:190.104,205.2 1 10
go.aporeto.io/a3s/pkgs/authorizer/operationtransformer_mock.go:28.61,32.2 1 4
go.aporeto.io/a3s/pkgs/authorizer/operationtransformer_mock.go:35.103,41.2 3 2
go.aporeto.io/a3s/pkgs/authorizer/operationtransformer_mock.go:43.84,48.85 3 3
go.aporeto.io/a3s/pkgs/authorizer/operationtransformer_mock.go:52.2,52.11 1 1
go.aporeto.io/a3s/pkgs/authorizer/operationtransformer_mock.go:48.85,50.3 1 2
go.aporeto.io/a3s/pkgs/authorizer/operationtransformer_mock.go:55.98,59.18 2 5
go.aporeto.io/a3s/pkgs/authorizer/operationtransformer_mock.go:64.2,65.14 2 5
go.aporeto.io/a3s/pkgs/authorizer/operationtransformer_mock.go:59.18,62.3 2 3
go.aporeto.io/a3s/pkgs/authorizer/options.go:14.58,15.27 1 17
go.aporeto.io/a3s/pkgs/authorizer/options.go:15.27,17.3 1 17
go.aporeto.io/a3s/pkgs/authorizer/options.go:21.64,22.27 1 2
go.aporeto.io/a3s/pkgs/authorizer/options.go:22.27,24.3 1 2
go.aporeto.io/a3s/pkgs/authorizer/options.go:37.49,38.32 1 6
go.aporeto.io/a3s/pkgs/authorizer/options.go:38.32,40.3 1 6
go.aporeto.io/a3s/pkgs/authorizer/options.go:44.43,45.32 1 6
go.aporeto.io/a3s/pkgs/authorizer/options.go:45.32,47.3 1 6
go.aporeto.io/a3s/pkgs/authorizer/options.go:51.70,52.32 1 6
go.aporeto.io/a3s/pkgs/authorizer/options.go:52.32,54.3 1 6
go.aporeto.io/a3s/pkgs/sharder/sharder.go:46.44,50.2 1 5
go.aporeto.io/a3s/pkgs/sharder/sharder.go:53.121,56.9 2 9
go.aporeto.io/a3s/pkgs/sharder/sharder.go:60.2,60.25 1 8
go.aporeto.io/a3s/pkgs/sharder/sharder.go:56.9,58.3 1 1
go.aporeto.io/a3s/pkgs/sharder/sharder.go:63.154,65.2 1 5
go.aporeto.io/a3s/pkgs/sharder/sharder.go:68.135,71.30 2 3
go.aporeto.io/a3s/pkgs/sharder/sharder.go:77.2,80.8 1 2
go.aporeto.io/a3s/pkgs/sharder/sharder.go:71.30,75.3 1 1
go.aporeto.io/a3s/pkgs/sharder/sharder.go:84.139,89.2 1 1
go.aporeto.io/a3s/pkgs/push/dispatcher.go:31.82,36.2 1 17
go.aporeto.io/a3s/pkgs/push/dispatcher.go:39.83,42.16 2 4
go.aporeto.io/a3s/pkgs/push/dispatcher.go:46.2,56.16 2 3
go.aporeto.io/a3s/pkgs/push/dispatcher.go:61.2,61.16 1 2
go.aporeto.io/a3s/pkgs/push/dispatcher.go:42.16,44.3 1 1
go.aporeto.io/a3s/pkgs/push/dispatcher.go:56.16,59.3 2 1
go.aporeto.io/a3s/pkgs/push/dispatcher.go:65.70,67.2 1 1
go.aporeto.io/a3s/pkgs/push/dispatcher.go:70.69,72.2 1 1
go.aporeto.io/a3s/pkgs/push/dispatcher.go:75.82,78.46 2 1
go.aporeto.io/a3s/pkgs/push/dispatcher.go:82.2,82.20 1 1
go.aporeto.io/a3s/pkgs/push/dispatcher.go:78.46,80.3 1 0
go.aporeto.io/a3s/pkgs/push/dispatcher.go:86.71,88.2 1 0
go.aporeto.io/a3s/pkgs/push/dispatcher.go:91.125,105.48 7 11
go.aporeto.io/a3s/pkgs/push/dispatcher.go:111.2,111.58 1 9
go.aporeto.io/a3s/pkgs/push/dispatcher.go:126.2,127.16 2 5
go.aporeto.io/a3s/pkgs/push/dispatcher.go:131.2,139.3 1 4
go.aporeto.io/a3s/pkgs/push/dispatcher.go:105.48,107.3 1 2
go.aporeto.io/a3s/pkgs/push/dispatcher.go:111.58,114.22 1 5
go.aporeto.io/a3s/pkgs/push/dispatcher.go:119.3,119.52 1 3
go.aporeto.io/a3s/pkgs/push/dispatcher.go:114.22,116.4 1 2
go.aporeto.io/a3s/pkgs/push/dispatcher.go:119.52,121.4 1 2
go.aporeto.io/a3s/pkgs/push/dispatcher.go:127.16,129.3 1 1
go.aporeto.io/a3s/pkgs/notification/notification.go:22.97,28.12 4 2
go.aporeto.io/a3s/pkgs/notification/notification.go:28.12,30.7 1 2
go.aporeto.io/a3s/pkgs/notification/notification.go:30.7,32.11 1 4
go.aporeto.io/a3s/pkgs/notification/notification.go:34.23,35.37 1 2
go.aporeto.io/a3s/pkgs/notification/notification.go:44.25,45.78 1 0
go.aporeto.io/a3s/pkgs/notification/notification.go:47.22,49.11 2 2
go.aporeto.io/a3s/pkgs/notification/notification.go:35.37,37.43 2 2
go.aporeto.io/a3s/pkgs/notification/notification.go:41.6,41.18 1 1
go.aporeto.io/a3s/pkgs/notification/notification.go:37.43,40.7 2 1
go.aporeto.io/a3s/pkgs/notification/notification.go:56.77,60.40 2 2
go.aporeto.io/a3s/pkgs/notification/notification.go:64.2,64.28 1 1
go.aporeto.io/a3s/pkgs/notification/notification.go:60.40,62.3 1 1
go.aporeto.io/a3s/pkgs/nscache/nscache.go:27.90,30.28 2 5
go.aporeto.io/a3s/pkgs/nscache/nscache.go:34.2,38.3 1 5
go.aporeto.io/a3s/pkgs/nscache/nscache.go:30.28,32.3 1 0
go.aporeto.io/a3s/pkgs/nscache/nscache.go:44.104,47.2 1 16
go.aporeto.io/a3s/pkgs/nscache/nscache.go:50.74,53.2 1 32
go.aporeto.io/a3s/pkgs/nscache/nscache.go:56.69,59.2 1 2
go.aporeto.io/a3s/pkgs/nscache/nscache.go:62.54,68.35 1 4
go.aporeto.io/a3s/pkgs/nscache/nscache.go:68.35,70.4 1 2
go.aporeto.io/a3s/pkgs/nscache/nscache.go:74.63,77.15 2 2
go.aporeto.io/a3s/pkgs/nscache/nscache.go:81.2,82.35 2 2
go.aporeto.io/a3s/pkgs/nscache/nscache.go:77.15,79.3 1 1
go.aporeto.io/a3s/pkgs/nscache/options.go:7.25,11.2 1 6
go.aporeto.io/a3s/pkgs/nscache/options.go:19.49,20.25 1 1
go.aporeto.io/a3s/pkgs/nscache/options.go:20.25,22.3 1 1
go.aporeto.io/a3s/pkgs/token/jwks.go:33.39,35.2 1 11
go.aporeto.io/a3s/pkgs/token/jwks.go:38.39,40.2 1 1
go.aporeto.io/a3s/pkgs/token/jwks.go:52.22,56.2 1 32
go.aporeto.io/a3s/pkgs/token/jwks.go:61.89,63.19 1 8
go.aporeto.io/a3s/pkgs/token/jwks.go:67.2,68.16 2 8
go.aporeto.io/a3s/pkgs/token/jwks.go:72.2,73.16 2 7
go.aporeto.io/a3s/pkgs/token/jwks.go:77.2,81.16 4 5
go.aporeto.io/a3s/pkgs/token/jwks.go:85.2,85.81 1 5
go.aporeto.io/a3s/pkgs/token/jwks.go:89.2,89.30 1 4
go.aporeto.io/a3s/pkgs/token/jwks.go:111.2,111.18 1 2
go.aporeto.io/a3s/pkgs/token/jwks.go:63.19,65.3 1 6
go.aporeto.io/a3s/pkgs/token/jwks.go:68.16,70.3 1 1
go.aporeto.io/a3s/pkgs/token/jwks.go:73.16,75.3 1 2
go.aporeto.io/a3s/pkgs/token/jwks.go:81.16,83.3 1 0
go.aporeto.io/a3s/pkgs/token/jwks.go:85.81,87.3 1 1
go.aporeto.io/a3s/pkgs/token/jwks.go:89.30,93.29 2 4
go.aporeto.io/a3s/pkgs/token/jwks.go:93.29,96.18 2 4
go.aporeto.io/a3s/pkgs/token/jwks.go:99.4,103.18 4 3
go.aporeto.io/a3s/pkgs/token/jwks.go:106.4,107.19 2 2
go.aporeto.io/a3s/pkgs/token/jwks.go:96.18,98.5 1 1
go.aporeto.io/a3s/pkgs/token/jwks.go:103.18,105.5 1 1
go.aporeto.io/a3s/pkgs/token/jwks.go:115.53,117.2 1 18
go.aporeto.io/a3s/pkgs/token/jwks.go:120.91,126.9 4 23
go.aporeto.io/a3s/pkgs/token/jwks.go:130.2,132.32 2 23
go.aporeto.io/a3s/pkgs/token/jwks.go:136.2,151.12 4 22
go.aporeto.io/a3s/pkgs/token/jwks.go:126.9,128.3 1 0
go.aporeto.io/a3s/pkgs/token/jwks.go:132.32,134.3 1 1
go.aporeto.io/a3s/pkgs/token/jwks.go:156.50,162.9 4 10
go.aporeto.io/a3s/pkgs/token/jwks.go:166.2,166.15 1 7
go.aporeto.io/a3s/pkgs/token/jwks.go:162.9,164.3 1 3
go.aporeto.io/a3s/pkgs/token/jwks.go:170.35,175.22 3 12
go.aporeto.io/a3s/pkgs/token/jwks.go:179.2,179.30 1 5
go.aporeto.io/a3s/pkgs/token/jwks.go:175.22,177.3 1 7
go.aporeto.io/a3s/pkgs/token/jwks.go:185.37,190.33 3 3
go.aporeto.io/a3s/pkgs/token/jwks.go:194.2,197.29 3 1
go.aporeto.io/a3s/pkgs/token/jwks.go:204.2,206.13 2 1
go.aporeto.io/a3s/pkgs/token/jwks.go:190.33,192.3 1 2
go.aporeto.io/a3s/pkgs/token/jwks.go:197.29,198.21 1 1
go.aporeto.io/a3s/pkgs/token/jwks.go:198.21,200.9 2 1
go.aporeto.io/a3s/pkgs/token/jwks.go:228.42,230.15 1 13
go.aporeto.io/a3s/pkgs/token/jwks.go:231.15,232.25 1 2
go.aporeto.io/a3s/pkgs/token/jwks.go:233.15,234.25 1 8
go.aporeto.io/a3s/pkgs/token/jwks.go:235.15,236.25 1 1
go.aporeto.io/a3s/pkgs/token/jwks.go:237.15,238.25 1 1
go.aporeto.io/a3s/pkgs/token/jwks.go:239.10,240.13 1 1
go.aporeto.io/a3s/pkgs/token/jwks.go:245.48,247.21 1 9
go.aporeto.io/a3s/pkgs/token/jwks.go:251.2,251.15 1 8
go.aporeto.io/a3s/pkgs/token/jwks.go:247.21,249.3 1 1
go.aporeto.io/a3s/pkgs/token/jwks.go:252.12,258.18 2 7
go.aporeto.io/a3s/pkgs/token/jwks.go:259.10,260.13 1 1
go.aporeto.io/a3s/pkgs/token/jwks.go:266.50,268.2 1 1
go.aporeto.io/a3s/pkgs/token/print.go:24.47,25.29 1 1
go.aporeto.io/a3s/pkgs/token/print.go:25.29,27.3 1 1
go.aporeto.io/a3s/pkgs/token/print.go:32.51,33.29 1 1
go.aporeto.io/a3s/pkgs/token/print.go:33.29,35.3 1 1
go.aporeto.io/a3s/pkgs/token/print.go:39.50,40.29 1 1
go.aporeto.io/a3s/pkgs/token/print.go:40.29,42.3 1 1
go.aporeto.io/a3s/pkgs/token/print.go:48.67,51.25 2 0
go.aporeto.io/a3s/pkgs/token/print.go:55.2,57.17 2 0
go.aporeto.io/a3s/pkgs/token/print.go:64.2,64.16 1 0
go.aporeto.io/a3s/pkgs/token/print.go:72.2,72.13 1 0
go.aporeto.io/a3s/pkgs/token/print.go:79.2,79.12 1 0
go.aporeto.io/a3s/pkgs/token/print.go:51.25,53.3 1 0
go.aporeto.io/a3s/pkgs/token/print.go:57.17,58.48 1 0
go.aporeto.io/a3s/pkgs/token/print.go:61.3,61.17 1 0
go.aporeto.io/a3s/pkgs/token/print.go:58.48,60.4 1 0
go.aporeto.io/a3s/pkgs/token/print.go:64.16,65.14 1 0
go.aporeto.io/a3s/pkgs/token/print.go:68.3,69.17 2 0
go.aporeto.io/a3s/pkgs/token/print.go:65.14,67.4 1 0
go.aporeto.io/a3s/pkgs/token/print.go:72.13,73.14 1 0
go.aporeto.io/a3s/pkgs/token/print.go:76.3,76.21 1 0
go.aporeto.io/a3s/pkgs/token/print.go:73.14,75.4 1 0
go.aporeto.io/a3s/pkgs/token/print.go:82.52,88.16 4 0
go.aporeto.io/a3s/pkgs/token/print.go:92.2,93.16 2 0
go.aporeto.io/a3s/pkgs/token/print.go:97.2,99.44 3 0
go.aporeto.io/a3s/pkgs/token/print.go:107.2,109.12 2 0
go.aporeto.io/a3s/pkgs/token/print.go:88.16,90.3 1 0
go.aporeto.io/a3s/pkgs/token/print.go:93.16,95.3 1 0
go.aporeto.io/a3s/pkgs/token/print.go:99.44,101.21 2 0
go.aporeto.io/a3s/pkgs/token/print.go:101.21,103.4 1 0
go.aporeto.io/a3s/pkgs/token/print.go:103.9,105.4 1 0
go.aporeto.io/a3s/pkgs/token/print.go:112.45,127.2 1 0
go.aporeto.io/a3s/pkgs/token/print.go:129.42,131.2 1 0
go.aporeto.io/a3s/pkgs/token/token.go:53.53,57.2 1 12
go.aporeto.io/a3s/pkgs/token/token.go:63.119,66.88 2 7
go.aporeto.io/a3s/pkgs/token/token.go:70.2,70.50 1 5
go.aporeto.io/a3s/pkgs/token/token.go:74.2,74.44 1 4
go.aporeto.io/a3s/pkgs/token/token.go:78.2,78.28 1 3
go.aporeto.io/a3s/pkgs/token/token.go:84.2,84.17 1 2
go.aporeto.io/a3s/pkgs/token/token.go:66.88,68.3 1 2
go.aporeto.io/a3s/pkgs/token/token.go:70.50,72.3 1 1
go.aporeto.io/a3s/pkgs/token/token.go:74.44,76.3 1 1
go.aporeto.io/a3s/pkgs/token/token.go:78.28,79.50 1 3
go.aporeto.io/a3s/pkgs/token/token.go:79.50,81.4 1 1
go.aporeto.io/a3s/pkgs/token/token.go:90.66,93.80 2 3
go.aporeto.io/a3s/pkgs/token/token.go:97.2,97.50 1 2
go.aporeto.io/a3s/pkgs/token/token.go:101.2,101.17 1 1
go.aporeto.io/a3s/pkgs/token/token.go:93.80,95.3 1 1
go.aporeto.io/a3s/pkgs/token/token.go:97.50,99.3 1 1
go.aporeto.io/a3s/pkgs/token/token.go:104.53,106.33 1 7
go.aporeto.io/a3s/pkgs/token/token.go:117.2,117.27 1 7
go.aporeto.io/a3s/pkgs/token/token.go:121.2,121.12 1 5
go.aporeto.io/a3s/pkgs/token/token.go:106.33,107.10 1 33
go.aporeto.io/a3s/pkgs/token/token.go:108.46,109.60 1 5
go.aporeto.io/a3s/pkgs/token/token.go:110.51,111.70 1 5
go.aporeto.io/a3s/pkgs/token/token.go:112.46,113.60 1 5
go.aporeto.io/a3s/pkgs/token/token.go:117.27,119.3 1 2
go.aporeto.io/a3s/pkgs/token/token.go:133.153,140.19 5 13
go.aporeto.io/a3s/pkgs/token/token.go:144.2,144.20 1 13
go.aporeto.io/a3s/pkgs/token/token.go:156.2,156.25 1 13
go.aporeto.io/a3s/pkgs/token/token.go:160.2,162.30 2 12
go.aporeto.io/a3s/pkgs/token/token.go:166.2,166.25 1 12
go.aporeto.io/a3s/pkgs/token/token.go:170.2,174.15 3 12
go.aporeto.io/a3s/pkgs/token/token.go:178.2,180.28 2 12
go.aporeto.io/a3s/pkgs/token/token.go:140.19,142.3 1 13
go.aporeto.io/a3s/pkgs/token/token.go:144.20,146.36 2 1
go.aporeto.io/a3s/pkgs/token/token.go:153.3,153.31 1 1
go.aporeto.io/a3s/pkgs/token/token.go:146.36,147.28 1 7
go.aporeto.io/a3s/pkgs/token/token.go:147.28,148.36 1 7
go.aporeto.io/a3s/pkgs/token/token.go:148.36,150.6 1 1
go.aporeto.io/a3s/pkgs/token/token.go:156.25,158.3 1 1
go.aporeto.io/a3s/pkgs/token/token.go:162.30,164.3 1 12
go.aporeto.io/a3s/pkgs/token/token.go:166.25,168.3 1 12
go.aporeto.io/a3s/pkgs/token/token.go:174.15,176.3 1 12
go.aporeto.io/a3s/pkgs/token/token.go:187.85,189.27 1 9
go.aporeto.io/a3s/pkgs/token/token.go:193.2,193.106 1 9
go.aporeto.io/a3s/pkgs/token/token.go:197.2,197.103 1 8
go.aporeto.io/a3s/pkgs/token/token.go:201.2,201.112 1 7
go.aporeto.io/a3s/pkgs/token/token.go:205.2,205.27 1 6
go.aporeto.io/a3s/pkgs/token/token.go:209.2,209.12 1 6
go.aporeto.io/a3s/pkgs/token/token.go:189.27,191.3 1 1
go.aporeto.io/a3s/pkgs/token/token.go:193.106,195.3 1 1
go.aporeto.io/a3s/pkgs/token/token.go:197.103,199.3 1 1
go.aporeto.io/a3s/pkgs/token/token.go:201.112,203.3 1 1
go.aporeto.io/a3s/pkgs/token/token.go:205.27,207.3 1 2
go.aporeto.io/a3s/pkgs/token/utils.go:19.49,20.44 1 3
go.aporeto.io/a3s/pkgs/token/utils.go:25.2,25.21 1 1
go.aporeto.io/a3s/pkgs/token/utils.go:20.44,21.60 1 3
go.aporeto.io/a3s/pkgs/token/utils.go:21.60,23.4 1 2
go.aporeto.io/a3s/pkgs/token/utils.go:30.50,31.62 1 3
go.aporeto.io/a3s/pkgs/token/utils.go:34.2,34.24 1 1
go.aporeto.io/a3s/pkgs/token/utils.go:31.62,33.3 1 2
go.aporeto.io/a3s/pkgs/token/utils.go:38.49,41.2 1 41
go.aporeto.io/a3s/pkgs/token/utils.go:47.105,52.51 3 2
go.aporeto.io/a3s/pkgs/token/utils.go:56.2,63.16 3 2
go.aporeto.io/a3s/pkgs/token/utils.go:67.2,67.18 1 1
go.aporeto.io/a3s/pkgs/token/utils.go:52.51,54.3 1 2
go.aporeto.io/a3s/pkgs/token/utils.go:63.16,65.3 1 1
go.aporeto.io/a3s/pkgs/token/utils.go:70.46,72.53 1 12
go.aporeto.io/a3s/pkgs/token/utils.go:72.53,74.59 1 12
go.aporeto.io/a3s/pkgs/token/utils.go:78.3,79.23 2 10
go.aporeto.io/a3s/pkgs/token/utils.go:83.3,84.17 2 8
go.aporeto.io/a3s/pkgs/token/utils.go:88.3,88.28 1 6
go.aporeto.io/a3s/pkgs/token/utils.go:74.59,76.4 1 2
go.aporeto.io/a3s/pkgs/token/utils.go:79.23,81.4 1 2
go.aporeto.io/a3s/pkgs/token/utils.go:84.17,86.4 1 2
